
Warning-[LINX_KRNL] Unsupported Linux kernel
  Linux kernel '6.8.0-51-generic' is not supported.
  Supported versions are 2.4* or 2.6*.

Command: vcs +vcdpluson -full64 -sverilog -ntb_opts uvm-1.1 -cm assert +define +nospecify \
+notimingcheck +vip -timescale=1ns/1ns +vcs+lic+wait -full64 +vcsd +memcbk -debug_pp \
-Mupdate +ntb_solver_array_size_warn=100000 +625859792 -R ../rtl/cmsdk_ahb_to_apb.v \
+incdir+../dv/vip/ahbl_mst/ +incdir+../dv/vip/apb_slv/ +incdir+../dv/env/ +incdir+../dv/tc/ \
../dv/vip/ahbl_mst/ahbl_mst_pkg.sv ../dv/vip/apb_slv/apb_slv_pkg.sv ../dv/env/ahb2apb_pkg.sv \
../dv/tb/reset_if.sv ../dv/tb/ahb2apb_tb.sv ../dv/env/ahb2apb_base_test.sv ../dv/seqlib/ahbl_mst_seqlib.sv \
../dv/seqlib/apb_slv_seqlib.sv ../dv/tc/test_lib.sv -cm line+cond+fsm+tgl+branch \
+DUMP_VPD +VPD_FILENAME=../sim/VPD/ahbl_mst_single_read32_627572958.vpd +UVM_TESTNAME=ahbl_mst_single_read32 \
-l ../sim/LOG/ahbl_mst_single_read32_630019043.log -o ../sim/SIMV/ahbl_mst_single_read32_633816250sim \

                         Chronologic VCS (TM)
       Version O-2018.09-SP2_Full64 -- Wed Feb 19 14:08:13 2025
               Copyright (c) 1991-2018 by Synopsys Inc.
                         ALL RIGHTS RESERVED

This program is proprietary and confidential information of Synopsys Inc.
and may be used and disclosed only as authorized in a license agreement
controlling such use and disclosure.

Parsing design file '/home/guyukun/Desktop/guyukun/software/vcs2018/vcs/O-2018.09-SP2/etc/uvm-1.1/uvm_pkg.sv'
Parsing included file '/home/guyukun/Desktop/guyukun/software/vcs2018/vcs/O-2018.09-SP2/etc/uvm-1.1/uvm_macros.svh'.
Parsing included file '/home/guyukun/Desktop/guyukun/software/vcs2018/vcs/O-2018.09-SP2/etc/uvm-1.1/macros/uvm_version_defines.svh'.
Back to file '/home/guyukun/Desktop/guyukun/software/vcs2018/vcs/O-2018.09-SP2/etc/uvm-1.1/uvm_macros.svh'.
Parsing included file '/home/guyukun/Desktop/guyukun/software/vcs2018/vcs/O-2018.09-SP2/etc/uvm-1.1/macros/uvm_message_defines.svh'.
Back to file '/home/guyukun/Desktop/guyukun/software/vcs2018/vcs/O-2018.09-SP2/etc/uvm-1.1/uvm_macros.svh'.
Parsing included file '/home/guyukun/Desktop/guyukun/software/vcs2018/vcs/O-2018.09-SP2/etc/uvm-1.1/macros/uvm_phase_defines.svh'.
Back to file '/home/guyukun/Desktop/guyukun/software/vcs2018/vcs/O-2018.09-SP2/etc/uvm-1.1/uvm_macros.svh'.
Parsing included file '/home/guyukun/Desktop/guyukun/software/vcs2018/vcs/O-2018.09-SP2/etc/uvm-1.1/macros/uvm_object_defines.svh'.
Back to file '/home/guyukun/Desktop/guyukun/software/vcs2018/vcs/O-2018.09-SP2/etc/uvm-1.1/uvm_macros.svh'.
Parsing included file '/home/guyukun/Desktop/guyukun/software/vcs2018/vcs/O-2018.09-SP2/etc/uvm-1.1/macros/uvm_printer_defines.svh'.
Back to file '/home/guyukun/Desktop/guyukun/software/vcs2018/vcs/O-2018.09-SP2/etc/uvm-1.1/uvm_macros.svh'.
Parsing included file '/home/guyukun/Desktop/guyukun/software/vcs2018/vcs/O-2018.09-SP2/etc/uvm-1.1/macros/uvm_tlm_defines.svh'.
Parsing included file '/home/guyukun/Desktop/guyukun/software/vcs2018/vcs/O-2018.09-SP2/etc/uvm-1.1/tlm1/uvm_tlm_imps.svh'.
Back to file '/home/guyukun/Desktop/guyukun/software/vcs2018/vcs/O-2018.09-SP2/etc/uvm-1.1/macros/uvm_tlm_defines.svh'.
Back to file '/home/guyukun/Desktop/guyukun/software/vcs2018/vcs/O-2018.09-SP2/etc/uvm-1.1/uvm_macros.svh'.
Parsing included file '/home/guyukun/Desktop/guyukun/software/vcs2018/vcs/O-2018.09-SP2/etc/uvm-1.1/macros/uvm_sequence_defines.svh'.
Back to file '/home/guyukun/Desktop/guyukun/software/vcs2018/vcs/O-2018.09-SP2/etc/uvm-1.1/uvm_macros.svh'.
Parsing included file '/home/guyukun/Desktop/guyukun/software/vcs2018/vcs/O-2018.09-SP2/etc/uvm-1.1/macros/uvm_callback_defines.svh'.
Back to file '/home/guyukun/Desktop/guyukun/software/vcs2018/vcs/O-2018.09-SP2/etc/uvm-1.1/uvm_macros.svh'.
Parsing included file '/home/guyukun/Desktop/guyukun/software/vcs2018/vcs/O-2018.09-SP2/etc/uvm-1.1/macros/uvm_reg_defines.svh'.
Back to file '/home/guyukun/Desktop/guyukun/software/vcs2018/vcs/O-2018.09-SP2/etc/uvm-1.1/uvm_macros.svh'.
Parsing included file '/home/guyukun/Desktop/guyukun/software/vcs2018/vcs/O-2018.09-SP2/etc/uvm-1.1/macros/uvm_deprecated_defines.svh'.
Back to file '/home/guyukun/Desktop/guyukun/software/vcs2018/vcs/O-2018.09-SP2/etc/uvm-1.1/uvm_macros.svh'.
Back to file '/home/guyukun/Desktop/guyukun/software/vcs2018/vcs/O-2018.09-SP2/etc/uvm-1.1/uvm_pkg.sv'.
Parsing included file '/home/guyukun/Desktop/guyukun/software/vcs2018/vcs/O-2018.09-SP2/etc/uvm-1.1/directc/uvm_directc.svh'.
Parsing included file '/home/guyukun/Desktop/guyukun/software/vcs2018/vcs/O-2018.09-SP2/etc/uvm-1.1/directc/uvm_seed.vh'.
Back to file '/home/guyukun/Desktop/guyukun/software/vcs2018/vcs/O-2018.09-SP2/etc/uvm-1.1/directc/uvm_directc.svh'.
Back to file '/home/guyukun/Desktop/guyukun/software/vcs2018/vcs/O-2018.09-SP2/etc/uvm-1.1/uvm_pkg.sv'.
Parsing included file '/home/guyukun/Desktop/guyukun/software/vcs2018/vcs/O-2018.09-SP2/etc/uvm-1.1/dpi/uvm_dpi.svh'.
Parsing included file '/home/guyukun/Desktop/guyukun/software/vcs2018/vcs/O-2018.09-SP2/etc/uvm-1.1/dpi/uvm_hdl.svh'.
Back to file '/home/guyukun/Desktop/guyukun/software/vcs2018/vcs/O-2018.09-SP2/etc/uvm-1.1/dpi/uvm_dpi.svh'.
Parsing included file '/home/guyukun/Desktop/guyukun/software/vcs2018/vcs/O-2018.09-SP2/etc/uvm-1.1/dpi/uvm_svcmd_dpi.svh'.
Back to file '/home/guyukun/Desktop/guyukun/software/vcs2018/vcs/O-2018.09-SP2/etc/uvm-1.1/dpi/uvm_dpi.svh'.
Parsing included file '/home/guyukun/Desktop/guyukun/software/vcs2018/vcs/O-2018.09-SP2/etc/uvm-1.1/dpi/uvm_regex.svh'.
Back to file '/home/guyukun/Desktop/guyukun/software/vcs2018/vcs/O-2018.09-SP2/etc/uvm-1.1/dpi/uvm_dpi.svh'.
Back to file '/home/guyukun/Desktop/guyukun/software/vcs2018/vcs/O-2018.09-SP2/etc/uvm-1.1/uvm_pkg.sv'.
Parsing included file '/home/guyukun/Desktop/guyukun/software/vcs2018/vcs/O-2018.09-SP2/etc/uvm-1.1/base/uvm_base.svh'.
Parsing included file '/home/guyukun/Desktop/guyukun/software/vcs2018/vcs/O-2018.09-SP2/etc/uvm-1.1/base/uvm_version.svh'.
Back to file '/home/guyukun/Desktop/guyukun/software/vcs2018/vcs/O-2018.09-SP2/etc/uvm-1.1/base/uvm_base.svh'.
Parsing included file '/home/guyukun/Desktop/guyukun/software/vcs2018/vcs/O-2018.09-SP2/etc/uvm-1.1/base/uvm_object_globals.svh'.
Back to file '/home/guyukun/Desktop/guyukun/software/vcs2018/vcs/O-2018.09-SP2/etc/uvm-1.1/base/uvm_base.svh'.
Parsing included file '/home/guyukun/Desktop/guyukun/software/vcs2018/vcs/O-2018.09-SP2/etc/uvm-1.1/base/uvm_misc.svh'.
Back to file '/home/guyukun/Desktop/guyukun/software/vcs2018/vcs/O-2018.09-SP2/etc/uvm-1.1/base/uvm_base.svh'.
Parsing included file '/home/guyukun/Desktop/guyukun/software/vcs2018/vcs/O-2018.09-SP2/etc/uvm-1.1/base/uvm_object.svh'.
Back to file '/home/guyukun/Desktop/guyukun/software/vcs2018/vcs/O-2018.09-SP2/etc/uvm-1.1/base/uvm_base.svh'.
Parsing included file '/home/guyukun/Desktop/guyukun/software/vcs2018/vcs/O-2018.09-SP2/etc/uvm-1.1/base/uvm_pool.svh'.
Back to file '/home/guyukun/Desktop/guyukun/software/vcs2018/vcs/O-2018.09-SP2/etc/uvm-1.1/base/uvm_base.svh'.
Parsing included file '/home/guyukun/Desktop/guyukun/software/vcs2018/vcs/O-2018.09-SP2/etc/uvm-1.1/base/uvm_queue.svh'.
Back to file '/home/guyukun/Desktop/guyukun/software/vcs2018/vcs/O-2018.09-SP2/etc/uvm-1.1/base/uvm_base.svh'.
Parsing included file '/home/guyukun/Desktop/guyukun/software/vcs2018/vcs/O-2018.09-SP2/etc/uvm-1.1/base/uvm_factory.svh'.
Back to file '/home/guyukun/Desktop/guyukun/software/vcs2018/vcs/O-2018.09-SP2/etc/uvm-1.1/base/uvm_base.svh'.
Parsing included file '/home/guyukun/Desktop/guyukun/software/vcs2018/vcs/O-2018.09-SP2/etc/uvm-1.1/base/uvm_registry.svh'.
Back to file '/home/guyukun/Desktop/guyukun/software/vcs2018/vcs/O-2018.09-SP2/etc/uvm-1.1/base/uvm_base.svh'.
Parsing included file '/home/guyukun/Desktop/guyukun/software/vcs2018/vcs/O-2018.09-SP2/etc/uvm-1.1/base/uvm_spell_chkr.svh'.
Back to file '/home/guyukun/Desktop/guyukun/software/vcs2018/vcs/O-2018.09-SP2/etc/uvm-1.1/base/uvm_base.svh'.
Parsing included file '/home/guyukun/Desktop/guyukun/software/vcs2018/vcs/O-2018.09-SP2/etc/uvm-1.1/base/uvm_resource.svh'.
Back to file '/home/guyukun/Desktop/guyukun/software/vcs2018/vcs/O-2018.09-SP2/etc/uvm-1.1/base/uvm_base.svh'.
Parsing included file '/home/guyukun/Desktop/guyukun/software/vcs2018/vcs/O-2018.09-SP2/etc/uvm-1.1/deprecated/uvm_resource_converter.svh'.
Back to file '/home/guyukun/Desktop/guyukun/software/vcs2018/vcs/O-2018.09-SP2/etc/uvm-1.1/base/uvm_base.svh'.
Parsing included file '/home/guyukun/Desktop/guyukun/software/vcs2018/vcs/O-2018.09-SP2/etc/uvm-1.1/base/uvm_resource_specializations.svh'.
Back to file '/home/guyukun/Desktop/guyukun/software/vcs2018/vcs/O-2018.09-SP2/etc/uvm-1.1/base/uvm_base.svh'.
Parsing included file '/home/guyukun/Desktop/guyukun/software/vcs2018/vcs/O-2018.09-SP2/etc/uvm-1.1/base/uvm_resource_db.svh'.
Back to file '/home/guyukun/Desktop/guyukun/software/vcs2018/vcs/O-2018.09-SP2/etc/uvm-1.1/base/uvm_base.svh'.
Parsing included file '/home/guyukun/Desktop/guyukun/software/vcs2018/vcs/O-2018.09-SP2/etc/uvm-1.1/base/uvm_config_db.svh'.
Back to file '/home/guyukun/Desktop/guyukun/software/vcs2018/vcs/O-2018.09-SP2/etc/uvm-1.1/base/uvm_base.svh'.
Parsing included file '/home/guyukun/Desktop/guyukun/software/vcs2018/vcs/O-2018.09-SP2/etc/uvm-1.1/base/uvm_printer.svh'.
Back to file '/home/guyukun/Desktop/guyukun/software/vcs2018/vcs/O-2018.09-SP2/etc/uvm-1.1/base/uvm_base.svh'.
Parsing included file '/home/guyukun/Desktop/guyukun/software/vcs2018/vcs/O-2018.09-SP2/etc/uvm-1.1/base/uvm_comparer.svh'.
Back to file '/home/guyukun/Desktop/guyukun/software/vcs2018/vcs/O-2018.09-SP2/etc/uvm-1.1/base/uvm_base.svh'.
Parsing included file '/home/guyukun/Desktop/guyukun/software/vcs2018/vcs/O-2018.09-SP2/etc/uvm-1.1/base/uvm_packer.svh'.
Back to file '/home/guyukun/Desktop/guyukun/software/vcs2018/vcs/O-2018.09-SP2/etc/uvm-1.1/base/uvm_base.svh'.
Parsing included file '/home/guyukun/Desktop/guyukun/software/vcs2018/vcs/O-2018.09-SP2/etc/uvm-1.1/base/uvm_recorder.svh'.
Back to file '/home/guyukun/Desktop/guyukun/software/vcs2018/vcs/O-2018.09-SP2/etc/uvm-1.1/base/uvm_base.svh'.
Parsing included file '/home/guyukun/Desktop/guyukun/software/vcs2018/vcs/O-2018.09-SP2/etc/uvm-1.1/base/uvm_event_callback.svh'.
Back to file '/home/guyukun/Desktop/guyukun/software/vcs2018/vcs/O-2018.09-SP2/etc/uvm-1.1/base/uvm_base.svh'.
Parsing included file '/home/guyukun/Desktop/guyukun/software/vcs2018/vcs/O-2018.09-SP2/etc/uvm-1.1/base/uvm_event.svh'.
Back to file '/home/guyukun/Desktop/guyukun/software/vcs2018/vcs/O-2018.09-SP2/etc/uvm-1.1/base/uvm_base.svh'.
Parsing included file '/home/guyukun/Desktop/guyukun/software/vcs2018/vcs/O-2018.09-SP2/etc/uvm-1.1/base/uvm_barrier.svh'.
Back to file '/home/guyukun/Desktop/guyukun/software/vcs2018/vcs/O-2018.09-SP2/etc/uvm-1.1/base/uvm_base.svh'.
Parsing included file '/home/guyukun/Desktop/guyukun/software/vcs2018/vcs/O-2018.09-SP2/etc/uvm-1.1/base/uvm_callback.svh'.
Parsing included file '/home/guyukun/Desktop/guyukun/software/vcs2018/vcs/O-2018.09-SP2/etc/uvm-1.1/uvm_macros.svh'.
Back to file '/home/guyukun/Desktop/guyukun/software/vcs2018/vcs/O-2018.09-SP2/etc/uvm-1.1/base/uvm_callback.svh'.
Back to file '/home/guyukun/Desktop/guyukun/software/vcs2018/vcs/O-2018.09-SP2/etc/uvm-1.1/base/uvm_base.svh'.
Parsing included file '/home/guyukun/Desktop/guyukun/software/vcs2018/vcs/O-2018.09-SP2/etc/uvm-1.1/base/uvm_report_catcher.svh'.
Back to file '/home/guyukun/Desktop/guyukun/software/vcs2018/vcs/O-2018.09-SP2/etc/uvm-1.1/base/uvm_base.svh'.
Parsing included file '/home/guyukun/Desktop/guyukun/software/vcs2018/vcs/O-2018.09-SP2/etc/uvm-1.1/base/uvm_report_server.svh'.
Back to file '/home/guyukun/Desktop/guyukun/software/vcs2018/vcs/O-2018.09-SP2/etc/uvm-1.1/base/uvm_base.svh'.
Parsing included file '/home/guyukun/Desktop/guyukun/software/vcs2018/vcs/O-2018.09-SP2/etc/uvm-1.1/base/uvm_report_handler.svh'.
Back to file '/home/guyukun/Desktop/guyukun/software/vcs2018/vcs/O-2018.09-SP2/etc/uvm-1.1/base/uvm_base.svh'.
Parsing included file '/home/guyukun/Desktop/guyukun/software/vcs2018/vcs/O-2018.09-SP2/etc/uvm-1.1/base/uvm_report_object.svh'.
Back to file '/home/guyukun/Desktop/guyukun/software/vcs2018/vcs/O-2018.09-SP2/etc/uvm-1.1/base/uvm_base.svh'.
Parsing included file '/home/guyukun/Desktop/guyukun/software/vcs2018/vcs/O-2018.09-SP2/etc/uvm-1.1/base/uvm_transaction.svh'.
Back to file '/home/guyukun/Desktop/guyukun/software/vcs2018/vcs/O-2018.09-SP2/etc/uvm-1.1/base/uvm_base.svh'.
Parsing included file '/home/guyukun/Desktop/guyukun/software/vcs2018/vcs/O-2018.09-SP2/etc/uvm-1.1/base/uvm_phase.svh'.
Back to file '/home/guyukun/Desktop/guyukun/software/vcs2018/vcs/O-2018.09-SP2/etc/uvm-1.1/base/uvm_base.svh'.
Parsing included file '/home/guyukun/Desktop/guyukun/software/vcs2018/vcs/O-2018.09-SP2/etc/uvm-1.1/base/uvm_domain.svh'.
Back to file '/home/guyukun/Desktop/guyukun/software/vcs2018/vcs/O-2018.09-SP2/etc/uvm-1.1/base/uvm_base.svh'.
Parsing included file '/home/guyukun/Desktop/guyukun/software/vcs2018/vcs/O-2018.09-SP2/etc/uvm-1.1/base/uvm_bottomup_phase.svh'.
Back to file '/home/guyukun/Desktop/guyukun/software/vcs2018/vcs/O-2018.09-SP2/etc/uvm-1.1/base/uvm_base.svh'.
Parsing included file '/home/guyukun/Desktop/guyukun/software/vcs2018/vcs/O-2018.09-SP2/etc/uvm-1.1/base/uvm_topdown_phase.svh'.
Back to file '/home/guyukun/Desktop/guyukun/software/vcs2018/vcs/O-2018.09-SP2/etc/uvm-1.1/base/uvm_base.svh'.
Parsing included file '/home/guyukun/Desktop/guyukun/software/vcs2018/vcs/O-2018.09-SP2/etc/uvm-1.1/base/uvm_task_phase.svh'.
Back to file '/home/guyukun/Desktop/guyukun/software/vcs2018/vcs/O-2018.09-SP2/etc/uvm-1.1/base/uvm_base.svh'.
Parsing included file '/home/guyukun/Desktop/guyukun/software/vcs2018/vcs/O-2018.09-SP2/etc/uvm-1.1/base/uvm_common_phases.svh'.
Back to file '/home/guyukun/Desktop/guyukun/software/vcs2018/vcs/O-2018.09-SP2/etc/uvm-1.1/base/uvm_base.svh'.
Parsing included file '/home/guyukun/Desktop/guyukun/software/vcs2018/vcs/O-2018.09-SP2/etc/uvm-1.1/base/uvm_runtime_phases.svh'.
Back to file '/home/guyukun/Desktop/guyukun/software/vcs2018/vcs/O-2018.09-SP2/etc/uvm-1.1/base/uvm_base.svh'.
Parsing included file '/home/guyukun/Desktop/guyukun/software/vcs2018/vcs/O-2018.09-SP2/etc/uvm-1.1/base/uvm_component.svh'.
Parsing included file '/home/guyukun/Desktop/guyukun/software/vcs2018/vcs/O-2018.09-SP2/etc/uvm-1.1/base/uvm_root.svh'.
Back to file '/home/guyukun/Desktop/guyukun/software/vcs2018/vcs/O-2018.09-SP2/etc/uvm-1.1/base/uvm_component.svh'.
Back to file '/home/guyukun/Desktop/guyukun/software/vcs2018/vcs/O-2018.09-SP2/etc/uvm-1.1/base/uvm_base.svh'.
Parsing included file '/home/guyukun/Desktop/guyukun/software/vcs2018/vcs/O-2018.09-SP2/etc/uvm-1.1/base/uvm_objection.svh'.
Back to file '/home/guyukun/Desktop/guyukun/software/vcs2018/vcs/O-2018.09-SP2/etc/uvm-1.1/base/uvm_base.svh'.
Parsing included file '/home/guyukun/Desktop/guyukun/software/vcs2018/vcs/O-2018.09-SP2/etc/uvm-1.1/base/uvm_heartbeat.svh'.
Back to file '/home/guyukun/Desktop/guyukun/software/vcs2018/vcs/O-2018.09-SP2/etc/uvm-1.1/base/uvm_base.svh'.
Parsing included file '/home/guyukun/Desktop/guyukun/software/vcs2018/vcs/O-2018.09-SP2/etc/uvm-1.1/base/uvm_globals.svh'.
Back to file '/home/guyukun/Desktop/guyukun/software/vcs2018/vcs/O-2018.09-SP2/etc/uvm-1.1/base/uvm_base.svh'.
Parsing included file '/home/guyukun/Desktop/guyukun/software/vcs2018/vcs/O-2018.09-SP2/etc/uvm-1.1/base/uvm_cmdline_processor.svh'.
Back to file '/home/guyukun/Desktop/guyukun/software/vcs2018/vcs/O-2018.09-SP2/etc/uvm-1.1/base/uvm_base.svh'.
Back to file '/home/guyukun/Desktop/guyukun/software/vcs2018/vcs/O-2018.09-SP2/etc/uvm-1.1/uvm_pkg.sv'.
Parsing included file '/home/guyukun/Desktop/guyukun/software/vcs2018/vcs/O-2018.09-SP2/etc/uvm-1.1/tlm1/uvm_tlm.svh'.
Parsing included file '/home/guyukun/Desktop/guyukun/software/vcs2018/vcs/O-2018.09-SP2/etc/uvm-1.1/tlm1/uvm_tlm_ifs.svh'.
Back to file '/home/guyukun/Desktop/guyukun/software/vcs2018/vcs/O-2018.09-SP2/etc/uvm-1.1/tlm1/uvm_tlm.svh'.
Parsing included file '/home/guyukun/Desktop/guyukun/software/vcs2018/vcs/O-2018.09-SP2/etc/uvm-1.1/tlm1/uvm_sqr_ifs.svh'.
Back to file '/home/guyukun/Desktop/guyukun/software/vcs2018/vcs/O-2018.09-SP2/etc/uvm-1.1/tlm1/uvm_tlm.svh'.
Parsing included file '/home/guyukun/Desktop/guyukun/software/vcs2018/vcs/O-2018.09-SP2/etc/uvm-1.1/base/uvm_port_base.svh'.
Back to file '/home/guyukun/Desktop/guyukun/software/vcs2018/vcs/O-2018.09-SP2/etc/uvm-1.1/tlm1/uvm_tlm.svh'.
Parsing included file '/home/guyukun/Desktop/guyukun/software/vcs2018/vcs/O-2018.09-SP2/etc/uvm-1.1/tlm1/uvm_tlm_imps.svh'.
Back to file '/home/guyukun/Desktop/guyukun/software/vcs2018/vcs/O-2018.09-SP2/etc/uvm-1.1/tlm1/uvm_tlm.svh'.
Parsing included file '/home/guyukun/Desktop/guyukun/software/vcs2018/vcs/O-2018.09-SP2/etc/uvm-1.1/tlm1/uvm_imps.svh'.
Back to file '/home/guyukun/Desktop/guyukun/software/vcs2018/vcs/O-2018.09-SP2/etc/uvm-1.1/tlm1/uvm_tlm.svh'.
Parsing included file '/home/guyukun/Desktop/guyukun/software/vcs2018/vcs/O-2018.09-SP2/etc/uvm-1.1/tlm1/uvm_ports.svh'.
Back to file '/home/guyukun/Desktop/guyukun/software/vcs2018/vcs/O-2018.09-SP2/etc/uvm-1.1/tlm1/uvm_tlm.svh'.
Parsing included file '/home/guyukun/Desktop/guyukun/software/vcs2018/vcs/O-2018.09-SP2/etc/uvm-1.1/tlm1/uvm_exports.svh'.
Back to file '/home/guyukun/Desktop/guyukun/software/vcs2018/vcs/O-2018.09-SP2/etc/uvm-1.1/tlm1/uvm_tlm.svh'.
Parsing included file '/home/guyukun/Desktop/guyukun/software/vcs2018/vcs/O-2018.09-SP2/etc/uvm-1.1/tlm1/uvm_analysis_port.svh'.
Back to file '/home/guyukun/Desktop/guyukun/software/vcs2018/vcs/O-2018.09-SP2/etc/uvm-1.1/tlm1/uvm_tlm.svh'.
Parsing included file '/home/guyukun/Desktop/guyukun/software/vcs2018/vcs/O-2018.09-SP2/etc/uvm-1.1/tlm1/uvm_tlm_fifo_base.svh'.
Back to file '/home/guyukun/Desktop/guyukun/software/vcs2018/vcs/O-2018.09-SP2/etc/uvm-1.1/tlm1/uvm_tlm.svh'.
Parsing included file '/home/guyukun/Desktop/guyukun/software/vcs2018/vcs/O-2018.09-SP2/etc/uvm-1.1/tlm1/uvm_tlm_fifos.svh'.
Back to file '/home/guyukun/Desktop/guyukun/software/vcs2018/vcs/O-2018.09-SP2/etc/uvm-1.1/tlm1/uvm_tlm.svh'.
Parsing included file '/home/guyukun/Desktop/guyukun/software/vcs2018/vcs/O-2018.09-SP2/etc/uvm-1.1/tlm1/uvm_tlm_req_rsp.svh'.
Back to file '/home/guyukun/Desktop/guyukun/software/vcs2018/vcs/O-2018.09-SP2/etc/uvm-1.1/tlm1/uvm_tlm.svh'.
Parsing included file '/home/guyukun/Desktop/guyukun/software/vcs2018/vcs/O-2018.09-SP2/etc/uvm-1.1/tlm1/uvm_sqr_connections.svh'.
Back to file '/home/guyukun/Desktop/guyukun/software/vcs2018/vcs/O-2018.09-SP2/etc/uvm-1.1/tlm1/uvm_tlm.svh'.
Back to file '/home/guyukun/Desktop/guyukun/software/vcs2018/vcs/O-2018.09-SP2/etc/uvm-1.1/uvm_pkg.sv'.
Parsing included file '/home/guyukun/Desktop/guyukun/software/vcs2018/vcs/O-2018.09-SP2/etc/uvm-1.1/comps/uvm_comps.svh'.
Parsing included file '/home/guyukun/Desktop/guyukun/software/vcs2018/vcs/O-2018.09-SP2/etc/uvm-1.1/comps/uvm_pair.svh'.
Back to file '/home/guyukun/Desktop/guyukun/software/vcs2018/vcs/O-2018.09-SP2/etc/uvm-1.1/comps/uvm_comps.svh'.
Parsing included file '/home/guyukun/Desktop/guyukun/software/vcs2018/vcs/O-2018.09-SP2/etc/uvm-1.1/comps/uvm_policies.svh'.
Back to file '/home/guyukun/Desktop/guyukun/software/vcs2018/vcs/O-2018.09-SP2/etc/uvm-1.1/comps/uvm_comps.svh'.
Parsing included file '/home/guyukun/Desktop/guyukun/software/vcs2018/vcs/O-2018.09-SP2/etc/uvm-1.1/comps/uvm_in_order_comparator.svh'.
Back to file '/home/guyukun/Desktop/guyukun/software/vcs2018/vcs/O-2018.09-SP2/etc/uvm-1.1/comps/uvm_comps.svh'.
Parsing included file '/home/guyukun/Desktop/guyukun/software/vcs2018/vcs/O-2018.09-SP2/etc/uvm-1.1/comps/uvm_algorithmic_comparator.svh'.
Back to file '/home/guyukun/Desktop/guyukun/software/vcs2018/vcs/O-2018.09-SP2/etc/uvm-1.1/comps/uvm_comps.svh'.
Parsing included file '/home/guyukun/Desktop/guyukun/software/vcs2018/vcs/O-2018.09-SP2/etc/uvm-1.1/comps/uvm_random_stimulus.svh'.
Back to file '/home/guyukun/Desktop/guyukun/software/vcs2018/vcs/O-2018.09-SP2/etc/uvm-1.1/comps/uvm_comps.svh'.
Parsing included file '/home/guyukun/Desktop/guyukun/software/vcs2018/vcs/O-2018.09-SP2/etc/uvm-1.1/comps/uvm_subscriber.svh'.
Back to file '/home/guyukun/Desktop/guyukun/software/vcs2018/vcs/O-2018.09-SP2/etc/uvm-1.1/comps/uvm_comps.svh'.
Parsing included file '/home/guyukun/Desktop/guyukun/software/vcs2018/vcs/O-2018.09-SP2/etc/uvm-1.1/comps/uvm_monitor.svh'.
Back to file '/home/guyukun/Desktop/guyukun/software/vcs2018/vcs/O-2018.09-SP2/etc/uvm-1.1/comps/uvm_comps.svh'.
Parsing included file '/home/guyukun/Desktop/guyukun/software/vcs2018/vcs/O-2018.09-SP2/etc/uvm-1.1/comps/uvm_driver.svh'.
Back to file '/home/guyukun/Desktop/guyukun/software/vcs2018/vcs/O-2018.09-SP2/etc/uvm-1.1/comps/uvm_comps.svh'.
Parsing included file '/home/guyukun/Desktop/guyukun/software/vcs2018/vcs/O-2018.09-SP2/etc/uvm-1.1/comps/uvm_push_driver.svh'.
Back to file '/home/guyukun/Desktop/guyukun/software/vcs2018/vcs/O-2018.09-SP2/etc/uvm-1.1/comps/uvm_comps.svh'.
Parsing included file '/home/guyukun/Desktop/guyukun/software/vcs2018/vcs/O-2018.09-SP2/etc/uvm-1.1/comps/uvm_scoreboard.svh'.
Back to file '/home/guyukun/Desktop/guyukun/software/vcs2018/vcs/O-2018.09-SP2/etc/uvm-1.1/comps/uvm_comps.svh'.
Parsing included file '/home/guyukun/Desktop/guyukun/software/vcs2018/vcs/O-2018.09-SP2/etc/uvm-1.1/comps/uvm_agent.svh'.
Back to file '/home/guyukun/Desktop/guyukun/software/vcs2018/vcs/O-2018.09-SP2/etc/uvm-1.1/comps/uvm_comps.svh'.
Parsing included file '/home/guyukun/Desktop/guyukun/software/vcs2018/vcs/O-2018.09-SP2/etc/uvm-1.1/comps/uvm_env.svh'.
Back to file '/home/guyukun/Desktop/guyukun/software/vcs2018/vcs/O-2018.09-SP2/etc/uvm-1.1/comps/uvm_comps.svh'.
Parsing included file '/home/guyukun/Desktop/guyukun/software/vcs2018/vcs/O-2018.09-SP2/etc/uvm-1.1/comps/uvm_test.svh'.
Back to file '/home/guyukun/Desktop/guyukun/software/vcs2018/vcs/O-2018.09-SP2/etc/uvm-1.1/comps/uvm_comps.svh'.
Back to file '/home/guyukun/Desktop/guyukun/software/vcs2018/vcs/O-2018.09-SP2/etc/uvm-1.1/uvm_pkg.sv'.
Parsing included file '/home/guyukun/Desktop/guyukun/software/vcs2018/vcs/O-2018.09-SP2/etc/uvm-1.1/seq/uvm_seq.svh'.
Parsing included file '/home/guyukun/Desktop/guyukun/software/vcs2018/vcs/O-2018.09-SP2/etc/uvm-1.1/seq/uvm_sequence_item.svh'.
Back to file '/home/guyukun/Desktop/guyukun/software/vcs2018/vcs/O-2018.09-SP2/etc/uvm-1.1/seq/uvm_seq.svh'.
Parsing included file '/home/guyukun/Desktop/guyukun/software/vcs2018/vcs/O-2018.09-SP2/etc/uvm-1.1/seq/uvm_sequencer_base.svh'.
Back to file '/home/guyukun/Desktop/guyukun/software/vcs2018/vcs/O-2018.09-SP2/etc/uvm-1.1/seq/uvm_seq.svh'.
Parsing included file '/home/guyukun/Desktop/guyukun/software/vcs2018/vcs/O-2018.09-SP2/etc/uvm-1.1/seq/uvm_sequencer_analysis_fifo.svh'.
Back to file '/home/guyukun/Desktop/guyukun/software/vcs2018/vcs/O-2018.09-SP2/etc/uvm-1.1/seq/uvm_seq.svh'.
Parsing included file '/home/guyukun/Desktop/guyukun/software/vcs2018/vcs/O-2018.09-SP2/etc/uvm-1.1/seq/uvm_sequencer_param_base.svh'.
Back to file '/home/guyukun/Desktop/guyukun/software/vcs2018/vcs/O-2018.09-SP2/etc/uvm-1.1/seq/uvm_seq.svh'.
Parsing included file '/home/guyukun/Desktop/guyukun/software/vcs2018/vcs/O-2018.09-SP2/etc/uvm-1.1/seq/uvm_sequencer.svh'.
Back to file '/home/guyukun/Desktop/guyukun/software/vcs2018/vcs/O-2018.09-SP2/etc/uvm-1.1/seq/uvm_seq.svh'.
Parsing included file '/home/guyukun/Desktop/guyukun/software/vcs2018/vcs/O-2018.09-SP2/etc/uvm-1.1/seq/uvm_push_sequencer.svh'.
Back to file '/home/guyukun/Desktop/guyukun/software/vcs2018/vcs/O-2018.09-SP2/etc/uvm-1.1/seq/uvm_seq.svh'.
Parsing included file '/home/guyukun/Desktop/guyukun/software/vcs2018/vcs/O-2018.09-SP2/etc/uvm-1.1/seq/uvm_sequence_base.svh'.
Back to file '/home/guyukun/Desktop/guyukun/software/vcs2018/vcs/O-2018.09-SP2/etc/uvm-1.1/seq/uvm_seq.svh'.
Parsing included file '/home/guyukun/Desktop/guyukun/software/vcs2018/vcs/O-2018.09-SP2/etc/uvm-1.1/seq/uvm_sequence.svh'.
Back to file '/home/guyukun/Desktop/guyukun/software/vcs2018/vcs/O-2018.09-SP2/etc/uvm-1.1/seq/uvm_seq.svh'.
Parsing included file '/home/guyukun/Desktop/guyukun/software/vcs2018/vcs/O-2018.09-SP2/etc/uvm-1.1/seq/uvm_sequence_library.svh'.
Back to file '/home/guyukun/Desktop/guyukun/software/vcs2018/vcs/O-2018.09-SP2/etc/uvm-1.1/seq/uvm_seq.svh'.
Parsing included file '/home/guyukun/Desktop/guyukun/software/vcs2018/vcs/O-2018.09-SP2/etc/uvm-1.1/seq/uvm_sequence_builtin.svh'.
Back to file '/home/guyukun/Desktop/guyukun/software/vcs2018/vcs/O-2018.09-SP2/etc/uvm-1.1/seq/uvm_seq.svh'.
Back to file '/home/guyukun/Desktop/guyukun/software/vcs2018/vcs/O-2018.09-SP2/etc/uvm-1.1/uvm_pkg.sv'.
Parsing included file '/home/guyukun/Desktop/guyukun/software/vcs2018/vcs/O-2018.09-SP2/etc/uvm-1.1/tlm2/uvm_tlm2.svh'.
Parsing included file '/home/guyukun/Desktop/guyukun/software/vcs2018/vcs/O-2018.09-SP2/etc/uvm-1.1/tlm2/uvm_tlm2_defines.svh'.
Back to file '/home/guyukun/Desktop/guyukun/software/vcs2018/vcs/O-2018.09-SP2/etc/uvm-1.1/tlm2/uvm_tlm2.svh'.
Parsing included file '/home/guyukun/Desktop/guyukun/software/vcs2018/vcs/O-2018.09-SP2/etc/uvm-1.1/tlm2/uvm_tlm2_time.svh'.
Back to file '/home/guyukun/Desktop/guyukun/software/vcs2018/vcs/O-2018.09-SP2/etc/uvm-1.1/tlm2/uvm_tlm2.svh'.
Parsing included file '/home/guyukun/Desktop/guyukun/software/vcs2018/vcs/O-2018.09-SP2/etc/uvm-1.1/tlm2/uvm_tlm2_generic_payload.svh'.
Back to file '/home/guyukun/Desktop/guyukun/software/vcs2018/vcs/O-2018.09-SP2/etc/uvm-1.1/tlm2/uvm_tlm2.svh'.
Parsing included file '/home/guyukun/Desktop/guyukun/software/vcs2018/vcs/O-2018.09-SP2/etc/uvm-1.1/tlm2/uvm_tlm2_ifs.svh'.
Back to file '/home/guyukun/Desktop/guyukun/software/vcs2018/vcs/O-2018.09-SP2/etc/uvm-1.1/tlm2/uvm_tlm2.svh'.
Parsing included file '/home/guyukun/Desktop/guyukun/software/vcs2018/vcs/O-2018.09-SP2/etc/uvm-1.1/tlm2/uvm_tlm2_imps.svh'.
Back to file '/home/guyukun/Desktop/guyukun/software/vcs2018/vcs/O-2018.09-SP2/etc/uvm-1.1/tlm2/uvm_tlm2.svh'.
Parsing included file '/home/guyukun/Desktop/guyukun/software/vcs2018/vcs/O-2018.09-SP2/etc/uvm-1.1/tlm2/uvm_tlm2_ports.svh'.
Back to file '/home/guyukun/Desktop/guyukun/software/vcs2018/vcs/O-2018.09-SP2/etc/uvm-1.1/tlm2/uvm_tlm2.svh'.
Parsing included file '/home/guyukun/Desktop/guyukun/software/vcs2018/vcs/O-2018.09-SP2/etc/uvm-1.1/tlm2/uvm_tlm2_exports.svh'.
Back to file '/home/guyukun/Desktop/guyukun/software/vcs2018/vcs/O-2018.09-SP2/etc/uvm-1.1/tlm2/uvm_tlm2.svh'.
Parsing included file '/home/guyukun/Desktop/guyukun/software/vcs2018/vcs/O-2018.09-SP2/etc/uvm-1.1/tlm2/uvm_tlm2_sockets_base.svh'.
Back to file '/home/guyukun/Desktop/guyukun/software/vcs2018/vcs/O-2018.09-SP2/etc/uvm-1.1/tlm2/uvm_tlm2.svh'.
Parsing included file '/home/guyukun/Desktop/guyukun/software/vcs2018/vcs/O-2018.09-SP2/etc/uvm-1.1/tlm2/uvm_tlm2_sockets.svh'.
Back to file '/home/guyukun/Desktop/guyukun/software/vcs2018/vcs/O-2018.09-SP2/etc/uvm-1.1/tlm2/uvm_tlm2.svh'.
Back to file '/home/guyukun/Desktop/guyukun/software/vcs2018/vcs/O-2018.09-SP2/etc/uvm-1.1/uvm_pkg.sv'.
Parsing included file '/home/guyukun/Desktop/guyukun/software/vcs2018/vcs/O-2018.09-SP2/etc/uvm-1.1/reg/uvm_reg_model.svh'.
Parsing included file '/home/guyukun/Desktop/guyukun/software/vcs2018/vcs/O-2018.09-SP2/etc/uvm-1.1/reg/uvm_reg_item.svh'.
Back to file '/home/guyukun/Desktop/guyukun/software/vcs2018/vcs/O-2018.09-SP2/etc/uvm-1.1/reg/uvm_reg_model.svh'.
Parsing included file '/home/guyukun/Desktop/guyukun/software/vcs2018/vcs/O-2018.09-SP2/etc/uvm-1.1/reg/uvm_reg_adapter.svh'.
Back to file '/home/guyukun/Desktop/guyukun/software/vcs2018/vcs/O-2018.09-SP2/etc/uvm-1.1/reg/uvm_reg_model.svh'.
Parsing included file '/home/guyukun/Desktop/guyukun/software/vcs2018/vcs/O-2018.09-SP2/etc/uvm-1.1/reg/uvm_reg_predictor.svh'.
Back to file '/home/guyukun/Desktop/guyukun/software/vcs2018/vcs/O-2018.09-SP2/etc/uvm-1.1/reg/uvm_reg_model.svh'.
Parsing included file '/home/guyukun/Desktop/guyukun/software/vcs2018/vcs/O-2018.09-SP2/etc/uvm-1.1/reg/uvm_reg_sequence.svh'.
Back to file '/home/guyukun/Desktop/guyukun/software/vcs2018/vcs/O-2018.09-SP2/etc/uvm-1.1/reg/uvm_reg_model.svh'.
Parsing included file '/home/guyukun/Desktop/guyukun/software/vcs2018/vcs/O-2018.09-SP2/etc/uvm-1.1/reg/uvm_reg_cbs.svh'.
Back to file '/home/guyukun/Desktop/guyukun/software/vcs2018/vcs/O-2018.09-SP2/etc/uvm-1.1/reg/uvm_reg_model.svh'.
Parsing included file '/home/guyukun/Desktop/guyukun/software/vcs2018/vcs/O-2018.09-SP2/etc/uvm-1.1/reg/uvm_reg_backdoor.svh'.
Back to file '/home/guyukun/Desktop/guyukun/software/vcs2018/vcs/O-2018.09-SP2/etc/uvm-1.1/reg/uvm_reg_model.svh'.
Parsing included file '/home/guyukun/Desktop/guyukun/software/vcs2018/vcs/O-2018.09-SP2/etc/uvm-1.1/reg/uvm_reg_field.svh'.
Back to file '/home/guyukun/Desktop/guyukun/software/vcs2018/vcs/O-2018.09-SP2/etc/uvm-1.1/reg/uvm_reg_model.svh'.
Parsing included file '/home/guyukun/Desktop/guyukun/software/vcs2018/vcs/O-2018.09-SP2/etc/uvm-1.1/reg/uvm_vreg_field.svh'.
Back to file '/home/guyukun/Desktop/guyukun/software/vcs2018/vcs/O-2018.09-SP2/etc/uvm-1.1/reg/uvm_reg_model.svh'.
Parsing included file '/home/guyukun/Desktop/guyukun/software/vcs2018/vcs/O-2018.09-SP2/etc/uvm-1.1/reg/uvm_reg.svh'.
Back to file '/home/guyukun/Desktop/guyukun/software/vcs2018/vcs/O-2018.09-SP2/etc/uvm-1.1/reg/uvm_reg_model.svh'.
Parsing included file '/home/guyukun/Desktop/guyukun/software/vcs2018/vcs/O-2018.09-SP2/etc/uvm-1.1/reg/uvm_reg_indirect.svh'.
Back to file '/home/guyukun/Desktop/guyukun/software/vcs2018/vcs/O-2018.09-SP2/etc/uvm-1.1/reg/uvm_reg_model.svh'.
Parsing included file '/home/guyukun/Desktop/guyukun/software/vcs2018/vcs/O-2018.09-SP2/etc/uvm-1.1/reg/uvm_reg_fifo.svh'.
Back to file '/home/guyukun/Desktop/guyukun/software/vcs2018/vcs/O-2018.09-SP2/etc/uvm-1.1/reg/uvm_reg_model.svh'.
Parsing included file '/home/guyukun/Desktop/guyukun/software/vcs2018/vcs/O-2018.09-SP2/etc/uvm-1.1/reg/uvm_reg_file.svh'.
Back to file '/home/guyukun/Desktop/guyukun/software/vcs2018/vcs/O-2018.09-SP2/etc/uvm-1.1/reg/uvm_reg_model.svh'.
Parsing included file '/home/guyukun/Desktop/guyukun/software/vcs2018/vcs/O-2018.09-SP2/etc/uvm-1.1/reg/uvm_mem_mam.svh'.
Back to file '/home/guyukun/Desktop/guyukun/software/vcs2018/vcs/O-2018.09-SP2/etc/uvm-1.1/reg/uvm_reg_model.svh'.
Parsing included file '/home/guyukun/Desktop/guyukun/software/vcs2018/vcs/O-2018.09-SP2/etc/uvm-1.1/reg/uvm_vreg.svh'.
Back to file '/home/guyukun/Desktop/guyukun/software/vcs2018/vcs/O-2018.09-SP2/etc/uvm-1.1/reg/uvm_reg_model.svh'.
Parsing included file '/home/guyukun/Desktop/guyukun/software/vcs2018/vcs/O-2018.09-SP2/etc/uvm-1.1/reg/uvm_mem.svh'.
Back to file '/home/guyukun/Desktop/guyukun/software/vcs2018/vcs/O-2018.09-SP2/etc/uvm-1.1/reg/uvm_reg_model.svh'.
Parsing included file '/home/guyukun/Desktop/guyukun/software/vcs2018/vcs/O-2018.09-SP2/etc/uvm-1.1/reg/uvm_reg_map.svh'.
Back to file '/home/guyukun/Desktop/guyukun/software/vcs2018/vcs/O-2018.09-SP2/etc/uvm-1.1/reg/uvm_reg_model.svh'.
Parsing included file '/home/guyukun/Desktop/guyukun/software/vcs2018/vcs/O-2018.09-SP2/etc/uvm-1.1/reg/uvm_reg_block.svh'.
Back to file '/home/guyukun/Desktop/guyukun/software/vcs2018/vcs/O-2018.09-SP2/etc/uvm-1.1/reg/uvm_reg_model.svh'.
Parsing included file '/home/guyukun/Desktop/guyukun/software/vcs2018/vcs/O-2018.09-SP2/etc/uvm-1.1/reg/sequences/uvm_reg_hw_reset_seq.svh'.
Back to file '/home/guyukun/Desktop/guyukun/software/vcs2018/vcs/O-2018.09-SP2/etc/uvm-1.1/reg/uvm_reg_model.svh'.
Parsing included file '/home/guyukun/Desktop/guyukun/software/vcs2018/vcs/O-2018.09-SP2/etc/uvm-1.1/reg/sequences/uvm_reg_bit_bash_seq.svh'.
Back to file '/home/guyukun/Desktop/guyukun/software/vcs2018/vcs/O-2018.09-SP2/etc/uvm-1.1/reg/uvm_reg_model.svh'.
Parsing included file '/home/guyukun/Desktop/guyukun/software/vcs2018/vcs/O-2018.09-SP2/etc/uvm-1.1/reg/sequences/uvm_mem_walk_seq.svh'.
Back to file '/home/guyukun/Desktop/guyukun/software/vcs2018/vcs/O-2018.09-SP2/etc/uvm-1.1/reg/uvm_reg_model.svh'.
Parsing included file '/home/guyukun/Desktop/guyukun/software/vcs2018/vcs/O-2018.09-SP2/etc/uvm-1.1/reg/sequences/uvm_mem_access_seq.svh'.
Back to file '/home/guyukun/Desktop/guyukun/software/vcs2018/vcs/O-2018.09-SP2/etc/uvm-1.1/reg/uvm_reg_model.svh'.
Parsing included file '/home/guyukun/Desktop/guyukun/software/vcs2018/vcs/O-2018.09-SP2/etc/uvm-1.1/reg/sequences/uvm_reg_access_seq.svh'.
Back to file '/home/guyukun/Desktop/guyukun/software/vcs2018/vcs/O-2018.09-SP2/etc/uvm-1.1/reg/uvm_reg_model.svh'.
Parsing included file '/home/guyukun/Desktop/guyukun/software/vcs2018/vcs/O-2018.09-SP2/etc/uvm-1.1/reg/sequences/uvm_reg_mem_shared_access_seq.svh'.
Back to file '/home/guyukun/Desktop/guyukun/software/vcs2018/vcs/O-2018.09-SP2/etc/uvm-1.1/reg/uvm_reg_model.svh'.
Parsing included file '/home/guyukun/Desktop/guyukun/software/vcs2018/vcs/O-2018.09-SP2/etc/uvm-1.1/reg/sequences/uvm_reg_mem_built_in_seq.svh'.
Back to file '/home/guyukun/Desktop/guyukun/software/vcs2018/vcs/O-2018.09-SP2/etc/uvm-1.1/reg/uvm_reg_model.svh'.
Parsing included file '/home/guyukun/Desktop/guyukun/software/vcs2018/vcs/O-2018.09-SP2/etc/uvm-1.1/reg/sequences/uvm_reg_mem_hdl_paths_seq.svh'.
Back to file '/home/guyukun/Desktop/guyukun/software/vcs2018/vcs/O-2018.09-SP2/etc/uvm-1.1/reg/uvm_reg_model.svh'.
Parsing included file '/home/guyukun/Desktop/guyukun/software/vcs2018/vcs/O-2018.09-SP2/etc/uvm-1.1/reg/snps_uvm_reg_bank.svh'.
Back to file '/home/guyukun/Desktop/guyukun/software/vcs2018/vcs/O-2018.09-SP2/etc/uvm-1.1/reg/uvm_reg_model.svh'.
Back to file '/home/guyukun/Desktop/guyukun/software/vcs2018/vcs/O-2018.09-SP2/etc/uvm-1.1/uvm_pkg.sv'.
Parsing design file '/home/guyukun/Desktop/guyukun/software/vcs2018/vcs/O-2018.09-SP2/etc/uvm-1.1/vcs/uvm_custom_install_vcs_recorder.sv'
Parsing included file '/home/guyukun/Desktop/guyukun/software/vcs2018/vcs/O-2018.09-SP2/etc/uvm-1.1/vcs/msglog.svh'.
Back to file '/home/guyukun/Desktop/guyukun/software/vcs2018/vcs/O-2018.09-SP2/etc/uvm-1.1/vcs/uvm_custom_install_vcs_recorder.sv'.
Parsing included file '/home/guyukun/Desktop/guyukun/software/vcs2018/vcs/O-2018.09-SP2/etc/uvm-1.1/vcs/uvm_msglog_report_server.sv'.
Back to file '/home/guyukun/Desktop/guyukun/software/vcs2018/vcs/O-2018.09-SP2/etc/uvm-1.1/vcs/uvm_custom_install_vcs_recorder.sv'.
Parsing included file '/home/guyukun/Desktop/guyukun/software/vcs2018/vcs/O-2018.09-SP2/etc/uvm-1.1/vcs/uvm_vcs_recorder.svh'.
Back to file '/home/guyukun/Desktop/guyukun/software/vcs2018/vcs/O-2018.09-SP2/etc/uvm-1.1/vcs/uvm_custom_install_vcs_recorder.sv'.
Parsing included file '/home/guyukun/Desktop/guyukun/software/vcs2018/vcs/O-2018.09-SP2/etc/uvm-1.1/vcs/uvm_vcs_record_interface.sv'.
Back to file '/home/guyukun/Desktop/guyukun/software/vcs2018/vcs/O-2018.09-SP2/etc/uvm-1.1/vcs/uvm_custom_install_vcs_recorder.sv'.
Parsing design file '../rtl/cmsdk_ahb_to_apb.v'
Parsing design file '../dv/vip/ahbl_mst/ahbl_mst_pkg.sv'
Parsing included file '../dv/vip/ahbl_mst/ahbl_if.sv'.
Back to file '../dv/vip/ahbl_mst/ahbl_mst_pkg.sv'.
Parsing included file '/home/guyukun/Desktop/guyukun/software/vcs2018/vcs/O-2018.09-SP2/etc/uvm-1.1/uvm_macros.svh'.
Back to file '../dv/vip/ahbl_mst/ahbl_mst_pkg.sv'.
Parsing included file '../dv/vip/ahbl_mst/ahbl_tran.sv'.
Back to file '../dv/vip/ahbl_mst/ahbl_mst_pkg.sv'.
Parsing included file '../dv/vip/ahbl_mst/ahbl_mst_drv.sv'.
Back to file '../dv/vip/ahbl_mst/ahbl_mst_pkg.sv'.
Parsing included file '../dv/vip/ahbl_mst/ahbl_mst_mon.sv'.
Back to file '../dv/vip/ahbl_mst/ahbl_mst_pkg.sv'.
Parsing included file '../dv/vip/ahbl_mst/ahbl_mst_sqr.sv'.
Back to file '../dv/vip/ahbl_mst/ahbl_mst_pkg.sv'.
Parsing included file '../dv/vip/ahbl_mst/ahbl_mst_agt.sv'.
Back to file '../dv/vip/ahbl_mst/ahbl_mst_pkg.sv'.
Parsing design file '../dv/vip/apb_slv/apb_slv_pkg.sv'
Parsing included file '../dv/vip/apb_slv/apb_if.sv'.
Back to file '../dv/vip/apb_slv/apb_slv_pkg.sv'.
Parsing included file '/home/guyukun/Desktop/guyukun/software/vcs2018/vcs/O-2018.09-SP2/etc/uvm-1.1/uvm_macros.svh'.
Back to file '../dv/vip/apb_slv/apb_slv_pkg.sv'.
Parsing included file '../dv/vip/apb_slv/apb_tran.sv'.
Back to file '../dv/vip/apb_slv/apb_slv_pkg.sv'.
Parsing included file '../dv/vip/apb_slv/apb_mem.sv'.
Back to file '../dv/vip/apb_slv/apb_slv_pkg.sv'.
Parsing included file '../dv/vip/apb_slv/apb_slv_drv.sv'.
Back to file '../dv/vip/apb_slv/apb_slv_pkg.sv'.
Parsing included file '../dv/vip/apb_slv/apb_slv_mon.sv'.
Back to file '../dv/vip/apb_slv/apb_slv_pkg.sv'.
Parsing included file '../dv/vip/apb_slv/apb_slv_sqr.sv'.
Back to file '../dv/vip/apb_slv/apb_slv_pkg.sv'.
Parsing included file '../dv/vip/apb_slv/apb_slv_agt.sv'.
Back to file '../dv/vip/apb_slv/apb_slv_pkg.sv'.
Parsing design file '../dv/env/ahb2apb_pkg.sv'
Parsing included file '/home/guyukun/Desktop/guyukun/software/vcs2018/vcs/O-2018.09-SP2/etc/uvm-1.1/uvm_macros.svh'.
Back to file '../dv/env/ahb2apb_pkg.sv'.
Parsing included file '../dv/env/func_cov.sv'.
Back to file '../dv/env/ahb2apb_pkg.sv'.
Parsing included file '../dv/env/ahb2apb_scb.sv'.
Back to file '../dv/env/ahb2apb_pkg.sv'.
Parsing included file '../dv/env/ahb2apb_env.sv'.
Back to file '../dv/env/ahb2apb_pkg.sv'.
Parsing design file '../dv/tb/reset_if.sv'
Parsing design file '../dv/tb/ahb2apb_tb.sv'
Parsing included file '/home/guyukun/Desktop/guyukun/software/vcs2018/vcs/O-2018.09-SP2/etc/uvm-1.1/uvm_macros.svh'.
Back to file '../dv/tb/ahb2apb_tb.sv'.

Error-[SE] Syntax error
  Following verilog source has syntax error :
  	Token 'uvm_config_db' should be a valid type. Please check whether 
  it is misspelled, not visible/valid in the current context, or not properly 
  imported/exported. This is occurring in a context where a variable 
  declaration is expected.
  "../dv/tb/ahb2apb_tb.sv", 108: token is '('
      uvm_config_db#(virtual 
  apb_if)::set(null,"uvm_test_top.env_i.apb_slv_agt_i","vif",apb_if_i);
                     ^

1 error
CPU time: 1.919 seconds to compile
