
Warning-[LINX_KRNL] Unsupported Linux kernel
  Linux kernel '6.8.0-51-generic' is not supported.
  Supported versions are 2.4* or 2.6*.

Command: vcs +vcdpluson -full64 -lpthread -sverilog -ntb_opts uvm-1.1 -cm assert \
+define +nospecify +notimingcheck +vip -timescale=1ns/1ns +vcs+lic+wait -full64 +vcsd \
+memcbk -debug_pp -Mupdate +ntb_solver_array_size_warn=100000 +934734915 -R ../rtl/cmsdk_ahb_to_apb.v \
+incdir+../dv/vip/ahbl_mst/ +incdir+../dv/vip/apb_slv/ +incdir+../dv/env/ +incdir+../dv/tc/ \
../dv/vip/ahbl_mst/ahbl_mst_pkg.sv ../dv/vip/apb_slv/apb_slv_pkg.sv ../dv/env/ahb2apb_pkg.sv \
../dv/tb/reset_if.sv ../dv/tb/ahb2apb_tb.sv ../dv/env/ahb2apb_base_test.sv ../dv/seqlib/ahbl_mst_seqlib.sv \
../dv/seqlib/apb_slv_seqlib.sv ../dv/tc/test_lib.sv -cm line+cond+fsm+tgl+branch \
+DUMP_VPD +VPD_FILENAME=../sim/VPD/ahbl_mst_single_read32_938668173.vpd +UVM_TESTNAME=ahbl_mst_single_read32 \
-l ../sim/LOG/ahbl_mst_single_read32_942732769.log -o ../sim/SIMV/ahbl_mst_single_read32_945854581sim \

                         Chronologic VCS (TM)
       Version O-2018.09-SP2_Full64 -- Wed Feb 19 14:41:25 2025
               Copyright (c) 1991-2018 by Synopsys Inc.
                         ALL RIGHTS RESERVED

This program is proprietary and confidential information of Synopsys Inc.
and may be used and disclosed only as authorized in a license agreement
controlling such use and disclosure.

Parsing design file '/home/guyukun/Desktop/guyukun/software/vcs2018/vcs/O-2018.09-SP2/etc/uvm-1.1/uvm_pkg.sv'
Parsing included file '/home/guyukun/Desktop/guyukun/software/vcs2018/vcs/O-2018.09-SP2/etc/uvm-1.1/uvm_macros.svh'.
Parsing included file '/home/guyukun/Desktop/guyukun/software/vcs2018/vcs/O-2018.09-SP2/etc/uvm-1.1/macros/uvm_version_defines.svh'.
Back to file '/home/guyukun/Desktop/guyukun/software/vcs2018/vcs/O-2018.09-SP2/etc/uvm-1.1/uvm_macros.svh'.
Parsing included file '/home/guyukun/Desktop/guyukun/software/vcs2018/vcs/O-2018.09-SP2/etc/uvm-1.1/macros/uvm_message_defines.svh'.
Back to file '/home/guyukun/Desktop/guyukun/software/vcs2018/vcs/O-2018.09-SP2/etc/uvm-1.1/uvm_macros.svh'.
Parsing included file '/home/guyukun/Desktop/guyukun/software/vcs2018/vcs/O-2018.09-SP2/etc/uvm-1.1/macros/uvm_phase_defines.svh'.
Back to file '/home/guyukun/Desktop/guyukun/software/vcs2018/vcs/O-2018.09-SP2/etc/uvm-1.1/uvm_macros.svh'.
Parsing included file '/home/guyukun/Desktop/guyukun/software/vcs2018/vcs/O-2018.09-SP2/etc/uvm-1.1/macros/uvm_object_defines.svh'.
Back to file '/home/guyukun/Desktop/guyukun/software/vcs2018/vcs/O-2018.09-SP2/etc/uvm-1.1/uvm_macros.svh'.
Parsing included file '/home/guyukun/Desktop/guyukun/software/vcs2018/vcs/O-2018.09-SP2/etc/uvm-1.1/macros/uvm_printer_defines.svh'.
Back to file '/home/guyukun/Desktop/guyukun/software/vcs2018/vcs/O-2018.09-SP2/etc/uvm-1.1/uvm_macros.svh'.
Parsing included file '/home/guyukun/Desktop/guyukun/software/vcs2018/vcs/O-2018.09-SP2/etc/uvm-1.1/macros/uvm_tlm_defines.svh'.
Parsing included file '/home/guyukun/Desktop/guyukun/software/vcs2018/vcs/O-2018.09-SP2/etc/uvm-1.1/tlm1/uvm_tlm_imps.svh'.
Back to file '/home/guyukun/Desktop/guyukun/software/vcs2018/vcs/O-2018.09-SP2/etc/uvm-1.1/macros/uvm_tlm_defines.svh'.
Back to file '/home/guyukun/Desktop/guyukun/software/vcs2018/vcs/O-2018.09-SP2/etc/uvm-1.1/uvm_macros.svh'.
Parsing included file '/home/guyukun/Desktop/guyukun/software/vcs2018/vcs/O-2018.09-SP2/etc/uvm-1.1/macros/uvm_sequence_defines.svh'.
Back to file '/home/guyukun/Desktop/guyukun/software/vcs2018/vcs/O-2018.09-SP2/etc/uvm-1.1/uvm_macros.svh'.
Parsing included file '/home/guyukun/Desktop/guyukun/software/vcs2018/vcs/O-2018.09-SP2/etc/uvm-1.1/macros/uvm_callback_defines.svh'.
Back to file '/home/guyukun/Desktop/guyukun/software/vcs2018/vcs/O-2018.09-SP2/etc/uvm-1.1/uvm_macros.svh'.
Parsing included file '/home/guyukun/Desktop/guyukun/software/vcs2018/vcs/O-2018.09-SP2/etc/uvm-1.1/macros/uvm_reg_defines.svh'.
Back to file '/home/guyukun/Desktop/guyukun/software/vcs2018/vcs/O-2018.09-SP2/etc/uvm-1.1/uvm_macros.svh'.
Parsing included file '/home/guyukun/Desktop/guyukun/software/vcs2018/vcs/O-2018.09-SP2/etc/uvm-1.1/macros/uvm_deprecated_defines.svh'.
Back to file '/home/guyukun/Desktop/guyukun/software/vcs2018/vcs/O-2018.09-SP2/etc/uvm-1.1/uvm_macros.svh'.
Back to file '/home/guyukun/Desktop/guyukun/software/vcs2018/vcs/O-2018.09-SP2/etc/uvm-1.1/uvm_pkg.sv'.
Parsing included file '/home/guyukun/Desktop/guyukun/software/vcs2018/vcs/O-2018.09-SP2/etc/uvm-1.1/directc/uvm_directc.svh'.
Parsing included file '/home/guyukun/Desktop/guyukun/software/vcs2018/vcs/O-2018.09-SP2/etc/uvm-1.1/directc/uvm_seed.vh'.
Back to file '/home/guyukun/Desktop/guyukun/software/vcs2018/vcs/O-2018.09-SP2/etc/uvm-1.1/directc/uvm_directc.svh'.
Back to file '/home/guyukun/Desktop/guyukun/software/vcs2018/vcs/O-2018.09-SP2/etc/uvm-1.1/uvm_pkg.sv'.
Parsing included file '/home/guyukun/Desktop/guyukun/software/vcs2018/vcs/O-2018.09-SP2/etc/uvm-1.1/dpi/uvm_dpi.svh'.
Parsing included file '/home/guyukun/Desktop/guyukun/software/vcs2018/vcs/O-2018.09-SP2/etc/uvm-1.1/dpi/uvm_hdl.svh'.
Back to file '/home/guyukun/Desktop/guyukun/software/vcs2018/vcs/O-2018.09-SP2/etc/uvm-1.1/dpi/uvm_dpi.svh'.
Parsing included file '/home/guyukun/Desktop/guyukun/software/vcs2018/vcs/O-2018.09-SP2/etc/uvm-1.1/dpi/uvm_svcmd_dpi.svh'.
Back to file '/home/guyukun/Desktop/guyukun/software/vcs2018/vcs/O-2018.09-SP2/etc/uvm-1.1/dpi/uvm_dpi.svh'.
Parsing included file '/home/guyukun/Desktop/guyukun/software/vcs2018/vcs/O-2018.09-SP2/etc/uvm-1.1/dpi/uvm_regex.svh'.
Back to file '/home/guyukun/Desktop/guyukun/software/vcs2018/vcs/O-2018.09-SP2/etc/uvm-1.1/dpi/uvm_dpi.svh'.
Back to file '/home/guyukun/Desktop/guyukun/software/vcs2018/vcs/O-2018.09-SP2/etc/uvm-1.1/uvm_pkg.sv'.
Parsing included file '/home/guyukun/Desktop/guyukun/software/vcs2018/vcs/O-2018.09-SP2/etc/uvm-1.1/base/uvm_base.svh'.
Parsing included file '/home/guyukun/Desktop/guyukun/software/vcs2018/vcs/O-2018.09-SP2/etc/uvm-1.1/base/uvm_version.svh'.
Back to file '/home/guyukun/Desktop/guyukun/software/vcs2018/vcs/O-2018.09-SP2/etc/uvm-1.1/base/uvm_base.svh'.
Parsing included file '/home/guyukun/Desktop/guyukun/software/vcs2018/vcs/O-2018.09-SP2/etc/uvm-1.1/base/uvm_object_globals.svh'.
Back to file '/home/guyukun/Desktop/guyukun/software/vcs2018/vcs/O-2018.09-SP2/etc/uvm-1.1/base/uvm_base.svh'.
Parsing included file '/home/guyukun/Desktop/guyukun/software/vcs2018/vcs/O-2018.09-SP2/etc/uvm-1.1/base/uvm_misc.svh'.
Back to file '/home/guyukun/Desktop/guyukun/software/vcs2018/vcs/O-2018.09-SP2/etc/uvm-1.1/base/uvm_base.svh'.
Parsing included file '/home/guyukun/Desktop/guyukun/software/vcs2018/vcs/O-2018.09-SP2/etc/uvm-1.1/base/uvm_object.svh'.
Back to file '/home/guyukun/Desktop/guyukun/software/vcs2018/vcs/O-2018.09-SP2/etc/uvm-1.1/base/uvm_base.svh'.
Parsing included file '/home/guyukun/Desktop/guyukun/software/vcs2018/vcs/O-2018.09-SP2/etc/uvm-1.1/base/uvm_pool.svh'.
Back to file '/home/guyukun/Desktop/guyukun/software/vcs2018/vcs/O-2018.09-SP2/etc/uvm-1.1/base/uvm_base.svh'.
Parsing included file '/home/guyukun/Desktop/guyukun/software/vcs2018/vcs/O-2018.09-SP2/etc/uvm-1.1/base/uvm_queue.svh'.
Back to file '/home/guyukun/Desktop/guyukun/software/vcs2018/vcs/O-2018.09-SP2/etc/uvm-1.1/base/uvm_base.svh'.
Parsing included file '/home/guyukun/Desktop/guyukun/software/vcs2018/vcs/O-2018.09-SP2/etc/uvm-1.1/base/uvm_factory.svh'.
Back to file '/home/guyukun/Desktop/guyukun/software/vcs2018/vcs/O-2018.09-SP2/etc/uvm-1.1/base/uvm_base.svh'.
Parsing included file '/home/guyukun/Desktop/guyukun/software/vcs2018/vcs/O-2018.09-SP2/etc/uvm-1.1/base/uvm_registry.svh'.
Back to file '/home/guyukun/Desktop/guyukun/software/vcs2018/vcs/O-2018.09-SP2/etc/uvm-1.1/base/uvm_base.svh'.
Parsing included file '/home/guyukun/Desktop/guyukun/software/vcs2018/vcs/O-2018.09-SP2/etc/uvm-1.1/base/uvm_spell_chkr.svh'.
Back to file '/home/guyukun/Desktop/guyukun/software/vcs2018/vcs/O-2018.09-SP2/etc/uvm-1.1/base/uvm_base.svh'.
Parsing included file '/home/guyukun/Desktop/guyukun/software/vcs2018/vcs/O-2018.09-SP2/etc/uvm-1.1/base/uvm_resource.svh'.
Back to file '/home/guyukun/Desktop/guyukun/software/vcs2018/vcs/O-2018.09-SP2/etc/uvm-1.1/base/uvm_base.svh'.
Parsing included file '/home/guyukun/Desktop/guyukun/software/vcs2018/vcs/O-2018.09-SP2/etc/uvm-1.1/deprecated/uvm_resource_converter.svh'.
Back to file '/home/guyukun/Desktop/guyukun/software/vcs2018/vcs/O-2018.09-SP2/etc/uvm-1.1/base/uvm_base.svh'.
Parsing included file '/home/guyukun/Desktop/guyukun/software/vcs2018/vcs/O-2018.09-SP2/etc/uvm-1.1/base/uvm_resource_specializations.svh'.
Back to file '/home/guyukun/Desktop/guyukun/software/vcs2018/vcs/O-2018.09-SP2/etc/uvm-1.1/base/uvm_base.svh'.
Parsing included file '/home/guyukun/Desktop/guyukun/software/vcs2018/vcs/O-2018.09-SP2/etc/uvm-1.1/base/uvm_resource_db.svh'.
Back to file '/home/guyukun/Desktop/guyukun/software/vcs2018/vcs/O-2018.09-SP2/etc/uvm-1.1/base/uvm_base.svh'.
Parsing included file '/home/guyukun/Desktop/guyukun/software/vcs2018/vcs/O-2018.09-SP2/etc/uvm-1.1/base/uvm_config_db.svh'.
Back to file '/home/guyukun/Desktop/guyukun/software/vcs2018/vcs/O-2018.09-SP2/etc/uvm-1.1/base/uvm_base.svh'.
Parsing included file '/home/guyukun/Desktop/guyukun/software/vcs2018/vcs/O-2018.09-SP2/etc/uvm-1.1/base/uvm_printer.svh'.
Back to file '/home/guyukun/Desktop/guyukun/software/vcs2018/vcs/O-2018.09-SP2/etc/uvm-1.1/base/uvm_base.svh'.
Parsing included file '/home/guyukun/Desktop/guyukun/software/vcs2018/vcs/O-2018.09-SP2/etc/uvm-1.1/base/uvm_comparer.svh'.
Back to file '/home/guyukun/Desktop/guyukun/software/vcs2018/vcs/O-2018.09-SP2/etc/uvm-1.1/base/uvm_base.svh'.
Parsing included file '/home/guyukun/Desktop/guyukun/software/vcs2018/vcs/O-2018.09-SP2/etc/uvm-1.1/base/uvm_packer.svh'.
Back to file '/home/guyukun/Desktop/guyukun/software/vcs2018/vcs/O-2018.09-SP2/etc/uvm-1.1/base/uvm_base.svh'.
Parsing included file '/home/guyukun/Desktop/guyukun/software/vcs2018/vcs/O-2018.09-SP2/etc/uvm-1.1/base/uvm_recorder.svh'.
Back to file '/home/guyukun/Desktop/guyukun/software/vcs2018/vcs/O-2018.09-SP2/etc/uvm-1.1/base/uvm_base.svh'.
Parsing included file '/home/guyukun/Desktop/guyukun/software/vcs2018/vcs/O-2018.09-SP2/etc/uvm-1.1/base/uvm_event_callback.svh'.
Back to file '/home/guyukun/Desktop/guyukun/software/vcs2018/vcs/O-2018.09-SP2/etc/uvm-1.1/base/uvm_base.svh'.
Parsing included file '/home/guyukun/Desktop/guyukun/software/vcs2018/vcs/O-2018.09-SP2/etc/uvm-1.1/base/uvm_event.svh'.
Back to file '/home/guyukun/Desktop/guyukun/software/vcs2018/vcs/O-2018.09-SP2/etc/uvm-1.1/base/uvm_base.svh'.
Parsing included file '/home/guyukun/Desktop/guyukun/software/vcs2018/vcs/O-2018.09-SP2/etc/uvm-1.1/base/uvm_barrier.svh'.
Back to file '/home/guyukun/Desktop/guyukun/software/vcs2018/vcs/O-2018.09-SP2/etc/uvm-1.1/base/uvm_base.svh'.
Parsing included file '/home/guyukun/Desktop/guyukun/software/vcs2018/vcs/O-2018.09-SP2/etc/uvm-1.1/base/uvm_callback.svh'.
Parsing included file '/home/guyukun/Desktop/guyukun/software/vcs2018/vcs/O-2018.09-SP2/etc/uvm-1.1/uvm_macros.svh'.
Back to file '/home/guyukun/Desktop/guyukun/software/vcs2018/vcs/O-2018.09-SP2/etc/uvm-1.1/base/uvm_callback.svh'.
Back to file '/home/guyukun/Desktop/guyukun/software/vcs2018/vcs/O-2018.09-SP2/etc/uvm-1.1/base/uvm_base.svh'.
Parsing included file '/home/guyukun/Desktop/guyukun/software/vcs2018/vcs/O-2018.09-SP2/etc/uvm-1.1/base/uvm_report_catcher.svh'.
Back to file '/home/guyukun/Desktop/guyukun/software/vcs2018/vcs/O-2018.09-SP2/etc/uvm-1.1/base/uvm_base.svh'.
Parsing included file '/home/guyukun/Desktop/guyukun/software/vcs2018/vcs/O-2018.09-SP2/etc/uvm-1.1/base/uvm_report_server.svh'.
Back to file '/home/guyukun/Desktop/guyukun/software/vcs2018/vcs/O-2018.09-SP2/etc/uvm-1.1/base/uvm_base.svh'.
Parsing included file '/home/guyukun/Desktop/guyukun/software/vcs2018/vcs/O-2018.09-SP2/etc/uvm-1.1/base/uvm_report_handler.svh'.
Back to file '/home/guyukun/Desktop/guyukun/software/vcs2018/vcs/O-2018.09-SP2/etc/uvm-1.1/base/uvm_base.svh'.
Parsing included file '/home/guyukun/Desktop/guyukun/software/vcs2018/vcs/O-2018.09-SP2/etc/uvm-1.1/base/uvm_report_object.svh'.
Back to file '/home/guyukun/Desktop/guyukun/software/vcs2018/vcs/O-2018.09-SP2/etc/uvm-1.1/base/uvm_base.svh'.
Parsing included file '/home/guyukun/Desktop/guyukun/software/vcs2018/vcs/O-2018.09-SP2/etc/uvm-1.1/base/uvm_transaction.svh'.
Back to file '/home/guyukun/Desktop/guyukun/software/vcs2018/vcs/O-2018.09-SP2/etc/uvm-1.1/base/uvm_base.svh'.
Parsing included file '/home/guyukun/Desktop/guyukun/software/vcs2018/vcs/O-2018.09-SP2/etc/uvm-1.1/base/uvm_phase.svh'.
Back to file '/home/guyukun/Desktop/guyukun/software/vcs2018/vcs/O-2018.09-SP2/etc/uvm-1.1/base/uvm_base.svh'.
Parsing included file '/home/guyukun/Desktop/guyukun/software/vcs2018/vcs/O-2018.09-SP2/etc/uvm-1.1/base/uvm_domain.svh'.
Back to file '/home/guyukun/Desktop/guyukun/software/vcs2018/vcs/O-2018.09-SP2/etc/uvm-1.1/base/uvm_base.svh'.
Parsing included file '/home/guyukun/Desktop/guyukun/software/vcs2018/vcs/O-2018.09-SP2/etc/uvm-1.1/base/uvm_bottomup_phase.svh'.
Back to file '/home/guyukun/Desktop/guyukun/software/vcs2018/vcs/O-2018.09-SP2/etc/uvm-1.1/base/uvm_base.svh'.
Parsing included file '/home/guyukun/Desktop/guyukun/software/vcs2018/vcs/O-2018.09-SP2/etc/uvm-1.1/base/uvm_topdown_phase.svh'.
Back to file '/home/guyukun/Desktop/guyukun/software/vcs2018/vcs/O-2018.09-SP2/etc/uvm-1.1/base/uvm_base.svh'.
Parsing included file '/home/guyukun/Desktop/guyukun/software/vcs2018/vcs/O-2018.09-SP2/etc/uvm-1.1/base/uvm_task_phase.svh'.
Back to file '/home/guyukun/Desktop/guyukun/software/vcs2018/vcs/O-2018.09-SP2/etc/uvm-1.1/base/uvm_base.svh'.
Parsing included file '/home/guyukun/Desktop/guyukun/software/vcs2018/vcs/O-2018.09-SP2/etc/uvm-1.1/base/uvm_common_phases.svh'.
Back to file '/home/guyukun/Desktop/guyukun/software/vcs2018/vcs/O-2018.09-SP2/etc/uvm-1.1/base/uvm_base.svh'.
Parsing included file '/home/guyukun/Desktop/guyukun/software/vcs2018/vcs/O-2018.09-SP2/etc/uvm-1.1/base/uvm_runtime_phases.svh'.
Back to file '/home/guyukun/Desktop/guyukun/software/vcs2018/vcs/O-2018.09-SP2/etc/uvm-1.1/base/uvm_base.svh'.
Parsing included file '/home/guyukun/Desktop/guyukun/software/vcs2018/vcs/O-2018.09-SP2/etc/uvm-1.1/base/uvm_component.svh'.
Parsing included file '/home/guyukun/Desktop/guyukun/software/vcs2018/vcs/O-2018.09-SP2/etc/uvm-1.1/base/uvm_root.svh'.
Back to file '/home/guyukun/Desktop/guyukun/software/vcs2018/vcs/O-2018.09-SP2/etc/uvm-1.1/base/uvm_component.svh'.
Back to file '/home/guyukun/Desktop/guyukun/software/vcs2018/vcs/O-2018.09-SP2/etc/uvm-1.1/base/uvm_base.svh'.
Parsing included file '/home/guyukun/Desktop/guyukun/software/vcs2018/vcs/O-2018.09-SP2/etc/uvm-1.1/base/uvm_objection.svh'.
Back to file '/home/guyukun/Desktop/guyukun/software/vcs2018/vcs/O-2018.09-SP2/etc/uvm-1.1/base/uvm_base.svh'.
Parsing included file '/home/guyukun/Desktop/guyukun/software/vcs2018/vcs/O-2018.09-SP2/etc/uvm-1.1/base/uvm_heartbeat.svh'.
Back to file '/home/guyukun/Desktop/guyukun/software/vcs2018/vcs/O-2018.09-SP2/etc/uvm-1.1/base/uvm_base.svh'.
Parsing included file '/home/guyukun/Desktop/guyukun/software/vcs2018/vcs/O-2018.09-SP2/etc/uvm-1.1/base/uvm_globals.svh'.
Back to file '/home/guyukun/Desktop/guyukun/software/vcs2018/vcs/O-2018.09-SP2/etc/uvm-1.1/base/uvm_base.svh'.
Parsing included file '/home/guyukun/Desktop/guyukun/software/vcs2018/vcs/O-2018.09-SP2/etc/uvm-1.1/base/uvm_cmdline_processor.svh'.
Back to file '/home/guyukun/Desktop/guyukun/software/vcs2018/vcs/O-2018.09-SP2/etc/uvm-1.1/base/uvm_base.svh'.
Back to file '/home/guyukun/Desktop/guyukun/software/vcs2018/vcs/O-2018.09-SP2/etc/uvm-1.1/uvm_pkg.sv'.
Parsing included file '/home/guyukun/Desktop/guyukun/software/vcs2018/vcs/O-2018.09-SP2/etc/uvm-1.1/tlm1/uvm_tlm.svh'.
Parsing included file '/home/guyukun/Desktop/guyukun/software/vcs2018/vcs/O-2018.09-SP2/etc/uvm-1.1/tlm1/uvm_tlm_ifs.svh'.
Back to file '/home/guyukun/Desktop/guyukun/software/vcs2018/vcs/O-2018.09-SP2/etc/uvm-1.1/tlm1/uvm_tlm.svh'.
Parsing included file '/home/guyukun/Desktop/guyukun/software/vcs2018/vcs/O-2018.09-SP2/etc/uvm-1.1/tlm1/uvm_sqr_ifs.svh'.
Back to file '/home/guyukun/Desktop/guyukun/software/vcs2018/vcs/O-2018.09-SP2/etc/uvm-1.1/tlm1/uvm_tlm.svh'.
Parsing included file '/home/guyukun/Desktop/guyukun/software/vcs2018/vcs/O-2018.09-SP2/etc/uvm-1.1/base/uvm_port_base.svh'.
Back to file '/home/guyukun/Desktop/guyukun/software/vcs2018/vcs/O-2018.09-SP2/etc/uvm-1.1/tlm1/uvm_tlm.svh'.
Parsing included file '/home/guyukun/Desktop/guyukun/software/vcs2018/vcs/O-2018.09-SP2/etc/uvm-1.1/tlm1/uvm_tlm_imps.svh'.
Back to file '/home/guyukun/Desktop/guyukun/software/vcs2018/vcs/O-2018.09-SP2/etc/uvm-1.1/tlm1/uvm_tlm.svh'.
Parsing included file '/home/guyukun/Desktop/guyukun/software/vcs2018/vcs/O-2018.09-SP2/etc/uvm-1.1/tlm1/uvm_imps.svh'.
Back to file '/home/guyukun/Desktop/guyukun/software/vcs2018/vcs/O-2018.09-SP2/etc/uvm-1.1/tlm1/uvm_tlm.svh'.
Parsing included file '/home/guyukun/Desktop/guyukun/software/vcs2018/vcs/O-2018.09-SP2/etc/uvm-1.1/tlm1/uvm_ports.svh'.
Back to file '/home/guyukun/Desktop/guyukun/software/vcs2018/vcs/O-2018.09-SP2/etc/uvm-1.1/tlm1/uvm_tlm.svh'.
Parsing included file '/home/guyukun/Desktop/guyukun/software/vcs2018/vcs/O-2018.09-SP2/etc/uvm-1.1/tlm1/uvm_exports.svh'.
Back to file '/home/guyukun/Desktop/guyukun/software/vcs2018/vcs/O-2018.09-SP2/etc/uvm-1.1/tlm1/uvm_tlm.svh'.
Parsing included file '/home/guyukun/Desktop/guyukun/software/vcs2018/vcs/O-2018.09-SP2/etc/uvm-1.1/tlm1/uvm_analysis_port.svh'.
Back to file '/home/guyukun/Desktop/guyukun/software/vcs2018/vcs/O-2018.09-SP2/etc/uvm-1.1/tlm1/uvm_tlm.svh'.
Parsing included file '/home/guyukun/Desktop/guyukun/software/vcs2018/vcs/O-2018.09-SP2/etc/uvm-1.1/tlm1/uvm_tlm_fifo_base.svh'.
Back to file '/home/guyukun/Desktop/guyukun/software/vcs2018/vcs/O-2018.09-SP2/etc/uvm-1.1/tlm1/uvm_tlm.svh'.
Parsing included file '/home/guyukun/Desktop/guyukun/software/vcs2018/vcs/O-2018.09-SP2/etc/uvm-1.1/tlm1/uvm_tlm_fifos.svh'.
Back to file '/home/guyukun/Desktop/guyukun/software/vcs2018/vcs/O-2018.09-SP2/etc/uvm-1.1/tlm1/uvm_tlm.svh'.
Parsing included file '/home/guyukun/Desktop/guyukun/software/vcs2018/vcs/O-2018.09-SP2/etc/uvm-1.1/tlm1/uvm_tlm_req_rsp.svh'.
Back to file '/home/guyukun/Desktop/guyukun/software/vcs2018/vcs/O-2018.09-SP2/etc/uvm-1.1/tlm1/uvm_tlm.svh'.
Parsing included file '/home/guyukun/Desktop/guyukun/software/vcs2018/vcs/O-2018.09-SP2/etc/uvm-1.1/tlm1/uvm_sqr_connections.svh'.
Back to file '/home/guyukun/Desktop/guyukun/software/vcs2018/vcs/O-2018.09-SP2/etc/uvm-1.1/tlm1/uvm_tlm.svh'.
Back to file '/home/guyukun/Desktop/guyukun/software/vcs2018/vcs/O-2018.09-SP2/etc/uvm-1.1/uvm_pkg.sv'.
Parsing included file '/home/guyukun/Desktop/guyukun/software/vcs2018/vcs/O-2018.09-SP2/etc/uvm-1.1/comps/uvm_comps.svh'.
Parsing included file '/home/guyukun/Desktop/guyukun/software/vcs2018/vcs/O-2018.09-SP2/etc/uvm-1.1/comps/uvm_pair.svh'.
Back to file '/home/guyukun/Desktop/guyukun/software/vcs2018/vcs/O-2018.09-SP2/etc/uvm-1.1/comps/uvm_comps.svh'.
Parsing included file '/home/guyukun/Desktop/guyukun/software/vcs2018/vcs/O-2018.09-SP2/etc/uvm-1.1/comps/uvm_policies.svh'.
Back to file '/home/guyukun/Desktop/guyukun/software/vcs2018/vcs/O-2018.09-SP2/etc/uvm-1.1/comps/uvm_comps.svh'.
Parsing included file '/home/guyukun/Desktop/guyukun/software/vcs2018/vcs/O-2018.09-SP2/etc/uvm-1.1/comps/uvm_in_order_comparator.svh'.
Back to file '/home/guyukun/Desktop/guyukun/software/vcs2018/vcs/O-2018.09-SP2/etc/uvm-1.1/comps/uvm_comps.svh'.
Parsing included file '/home/guyukun/Desktop/guyukun/software/vcs2018/vcs/O-2018.09-SP2/etc/uvm-1.1/comps/uvm_algorithmic_comparator.svh'.
Back to file '/home/guyukun/Desktop/guyukun/software/vcs2018/vcs/O-2018.09-SP2/etc/uvm-1.1/comps/uvm_comps.svh'.
Parsing included file '/home/guyukun/Desktop/guyukun/software/vcs2018/vcs/O-2018.09-SP2/etc/uvm-1.1/comps/uvm_random_stimulus.svh'.
Back to file '/home/guyukun/Desktop/guyukun/software/vcs2018/vcs/O-2018.09-SP2/etc/uvm-1.1/comps/uvm_comps.svh'.
Parsing included file '/home/guyukun/Desktop/guyukun/software/vcs2018/vcs/O-2018.09-SP2/etc/uvm-1.1/comps/uvm_subscriber.svh'.
Back to file '/home/guyukun/Desktop/guyukun/software/vcs2018/vcs/O-2018.09-SP2/etc/uvm-1.1/comps/uvm_comps.svh'.
Parsing included file '/home/guyukun/Desktop/guyukun/software/vcs2018/vcs/O-2018.09-SP2/etc/uvm-1.1/comps/uvm_monitor.svh'.
Back to file '/home/guyukun/Desktop/guyukun/software/vcs2018/vcs/O-2018.09-SP2/etc/uvm-1.1/comps/uvm_comps.svh'.
Parsing included file '/home/guyukun/Desktop/guyukun/software/vcs2018/vcs/O-2018.09-SP2/etc/uvm-1.1/comps/uvm_driver.svh'.
Back to file '/home/guyukun/Desktop/guyukun/software/vcs2018/vcs/O-2018.09-SP2/etc/uvm-1.1/comps/uvm_comps.svh'.
Parsing included file '/home/guyukun/Desktop/guyukun/software/vcs2018/vcs/O-2018.09-SP2/etc/uvm-1.1/comps/uvm_push_driver.svh'.
Back to file '/home/guyukun/Desktop/guyukun/software/vcs2018/vcs/O-2018.09-SP2/etc/uvm-1.1/comps/uvm_comps.svh'.
Parsing included file '/home/guyukun/Desktop/guyukun/software/vcs2018/vcs/O-2018.09-SP2/etc/uvm-1.1/comps/uvm_scoreboard.svh'.
Back to file '/home/guyukun/Desktop/guyukun/software/vcs2018/vcs/O-2018.09-SP2/etc/uvm-1.1/comps/uvm_comps.svh'.
Parsing included file '/home/guyukun/Desktop/guyukun/software/vcs2018/vcs/O-2018.09-SP2/etc/uvm-1.1/comps/uvm_agent.svh'.
Back to file '/home/guyukun/Desktop/guyukun/software/vcs2018/vcs/O-2018.09-SP2/etc/uvm-1.1/comps/uvm_comps.svh'.
Parsing included file '/home/guyukun/Desktop/guyukun/software/vcs2018/vcs/O-2018.09-SP2/etc/uvm-1.1/comps/uvm_env.svh'.
Back to file '/home/guyukun/Desktop/guyukun/software/vcs2018/vcs/O-2018.09-SP2/etc/uvm-1.1/comps/uvm_comps.svh'.
Parsing included file '/home/guyukun/Desktop/guyukun/software/vcs2018/vcs/O-2018.09-SP2/etc/uvm-1.1/comps/uvm_test.svh'.
Back to file '/home/guyukun/Desktop/guyukun/software/vcs2018/vcs/O-2018.09-SP2/etc/uvm-1.1/comps/uvm_comps.svh'.
Back to file '/home/guyukun/Desktop/guyukun/software/vcs2018/vcs/O-2018.09-SP2/etc/uvm-1.1/uvm_pkg.sv'.
Parsing included file '/home/guyukun/Desktop/guyukun/software/vcs2018/vcs/O-2018.09-SP2/etc/uvm-1.1/seq/uvm_seq.svh'.
Parsing included file '/home/guyukun/Desktop/guyukun/software/vcs2018/vcs/O-2018.09-SP2/etc/uvm-1.1/seq/uvm_sequence_item.svh'.
Back to file '/home/guyukun/Desktop/guyukun/software/vcs2018/vcs/O-2018.09-SP2/etc/uvm-1.1/seq/uvm_seq.svh'.
Parsing included file '/home/guyukun/Desktop/guyukun/software/vcs2018/vcs/O-2018.09-SP2/etc/uvm-1.1/seq/uvm_sequencer_base.svh'.
Back to file '/home/guyukun/Desktop/guyukun/software/vcs2018/vcs/O-2018.09-SP2/etc/uvm-1.1/seq/uvm_seq.svh'.
Parsing included file '/home/guyukun/Desktop/guyukun/software/vcs2018/vcs/O-2018.09-SP2/etc/uvm-1.1/seq/uvm_sequencer_analysis_fifo.svh'.
Back to file '/home/guyukun/Desktop/guyukun/software/vcs2018/vcs/O-2018.09-SP2/etc/uvm-1.1/seq/uvm_seq.svh'.
Parsing included file '/home/guyukun/Desktop/guyukun/software/vcs2018/vcs/O-2018.09-SP2/etc/uvm-1.1/seq/uvm_sequencer_param_base.svh'.
Back to file '/home/guyukun/Desktop/guyukun/software/vcs2018/vcs/O-2018.09-SP2/etc/uvm-1.1/seq/uvm_seq.svh'.
Parsing included file '/home/guyukun/Desktop/guyukun/software/vcs2018/vcs/O-2018.09-SP2/etc/uvm-1.1/seq/uvm_sequencer.svh'.
Back to file '/home/guyukun/Desktop/guyukun/software/vcs2018/vcs/O-2018.09-SP2/etc/uvm-1.1/seq/uvm_seq.svh'.
Parsing included file '/home/guyukun/Desktop/guyukun/software/vcs2018/vcs/O-2018.09-SP2/etc/uvm-1.1/seq/uvm_push_sequencer.svh'.
Back to file '/home/guyukun/Desktop/guyukun/software/vcs2018/vcs/O-2018.09-SP2/etc/uvm-1.1/seq/uvm_seq.svh'.
Parsing included file '/home/guyukun/Desktop/guyukun/software/vcs2018/vcs/O-2018.09-SP2/etc/uvm-1.1/seq/uvm_sequence_base.svh'.
Back to file '/home/guyukun/Desktop/guyukun/software/vcs2018/vcs/O-2018.09-SP2/etc/uvm-1.1/seq/uvm_seq.svh'.
Parsing included file '/home/guyukun/Desktop/guyukun/software/vcs2018/vcs/O-2018.09-SP2/etc/uvm-1.1/seq/uvm_sequence.svh'.
Back to file '/home/guyukun/Desktop/guyukun/software/vcs2018/vcs/O-2018.09-SP2/etc/uvm-1.1/seq/uvm_seq.svh'.
Parsing included file '/home/guyukun/Desktop/guyukun/software/vcs2018/vcs/O-2018.09-SP2/etc/uvm-1.1/seq/uvm_sequence_library.svh'.
Back to file '/home/guyukun/Desktop/guyukun/software/vcs2018/vcs/O-2018.09-SP2/etc/uvm-1.1/seq/uvm_seq.svh'.
Parsing included file '/home/guyukun/Desktop/guyukun/software/vcs2018/vcs/O-2018.09-SP2/etc/uvm-1.1/seq/uvm_sequence_builtin.svh'.
Back to file '/home/guyukun/Desktop/guyukun/software/vcs2018/vcs/O-2018.09-SP2/etc/uvm-1.1/seq/uvm_seq.svh'.
Back to file '/home/guyukun/Desktop/guyukun/software/vcs2018/vcs/O-2018.09-SP2/etc/uvm-1.1/uvm_pkg.sv'.
Parsing included file '/home/guyukun/Desktop/guyukun/software/vcs2018/vcs/O-2018.09-SP2/etc/uvm-1.1/tlm2/uvm_tlm2.svh'.
Parsing included file '/home/guyukun/Desktop/guyukun/software/vcs2018/vcs/O-2018.09-SP2/etc/uvm-1.1/tlm2/uvm_tlm2_defines.svh'.
Back to file '/home/guyukun/Desktop/guyukun/software/vcs2018/vcs/O-2018.09-SP2/etc/uvm-1.1/tlm2/uvm_tlm2.svh'.
Parsing included file '/home/guyukun/Desktop/guyukun/software/vcs2018/vcs/O-2018.09-SP2/etc/uvm-1.1/tlm2/uvm_tlm2_time.svh'.
Back to file '/home/guyukun/Desktop/guyukun/software/vcs2018/vcs/O-2018.09-SP2/etc/uvm-1.1/tlm2/uvm_tlm2.svh'.
Parsing included file '/home/guyukun/Desktop/guyukun/software/vcs2018/vcs/O-2018.09-SP2/etc/uvm-1.1/tlm2/uvm_tlm2_generic_payload.svh'.
Back to file '/home/guyukun/Desktop/guyukun/software/vcs2018/vcs/O-2018.09-SP2/etc/uvm-1.1/tlm2/uvm_tlm2.svh'.
Parsing included file '/home/guyukun/Desktop/guyukun/software/vcs2018/vcs/O-2018.09-SP2/etc/uvm-1.1/tlm2/uvm_tlm2_ifs.svh'.
Back to file '/home/guyukun/Desktop/guyukun/software/vcs2018/vcs/O-2018.09-SP2/etc/uvm-1.1/tlm2/uvm_tlm2.svh'.
Parsing included file '/home/guyukun/Desktop/guyukun/software/vcs2018/vcs/O-2018.09-SP2/etc/uvm-1.1/tlm2/uvm_tlm2_imps.svh'.
Back to file '/home/guyukun/Desktop/guyukun/software/vcs2018/vcs/O-2018.09-SP2/etc/uvm-1.1/tlm2/uvm_tlm2.svh'.
Parsing included file '/home/guyukun/Desktop/guyukun/software/vcs2018/vcs/O-2018.09-SP2/etc/uvm-1.1/tlm2/uvm_tlm2_ports.svh'.
Back to file '/home/guyukun/Desktop/guyukun/software/vcs2018/vcs/O-2018.09-SP2/etc/uvm-1.1/tlm2/uvm_tlm2.svh'.
Parsing included file '/home/guyukun/Desktop/guyukun/software/vcs2018/vcs/O-2018.09-SP2/etc/uvm-1.1/tlm2/uvm_tlm2_exports.svh'.
Back to file '/home/guyukun/Desktop/guyukun/software/vcs2018/vcs/O-2018.09-SP2/etc/uvm-1.1/tlm2/uvm_tlm2.svh'.
Parsing included file '/home/guyukun/Desktop/guyukun/software/vcs2018/vcs/O-2018.09-SP2/etc/uvm-1.1/tlm2/uvm_tlm2_sockets_base.svh'.
Back to file '/home/guyukun/Desktop/guyukun/software/vcs2018/vcs/O-2018.09-SP2/etc/uvm-1.1/tlm2/uvm_tlm2.svh'.
Parsing included file '/home/guyukun/Desktop/guyukun/software/vcs2018/vcs/O-2018.09-SP2/etc/uvm-1.1/tlm2/uvm_tlm2_sockets.svh'.
Back to file '/home/guyukun/Desktop/guyukun/software/vcs2018/vcs/O-2018.09-SP2/etc/uvm-1.1/tlm2/uvm_tlm2.svh'.
Back to file '/home/guyukun/Desktop/guyukun/software/vcs2018/vcs/O-2018.09-SP2/etc/uvm-1.1/uvm_pkg.sv'.
Parsing included file '/home/guyukun/Desktop/guyukun/software/vcs2018/vcs/O-2018.09-SP2/etc/uvm-1.1/reg/uvm_reg_model.svh'.
Parsing included file '/home/guyukun/Desktop/guyukun/software/vcs2018/vcs/O-2018.09-SP2/etc/uvm-1.1/reg/uvm_reg_item.svh'.
Back to file '/home/guyukun/Desktop/guyukun/software/vcs2018/vcs/O-2018.09-SP2/etc/uvm-1.1/reg/uvm_reg_model.svh'.
Parsing included file '/home/guyukun/Desktop/guyukun/software/vcs2018/vcs/O-2018.09-SP2/etc/uvm-1.1/reg/uvm_reg_adapter.svh'.
Back to file '/home/guyukun/Desktop/guyukun/software/vcs2018/vcs/O-2018.09-SP2/etc/uvm-1.1/reg/uvm_reg_model.svh'.
Parsing included file '/home/guyukun/Desktop/guyukun/software/vcs2018/vcs/O-2018.09-SP2/etc/uvm-1.1/reg/uvm_reg_predictor.svh'.
Back to file '/home/guyukun/Desktop/guyukun/software/vcs2018/vcs/O-2018.09-SP2/etc/uvm-1.1/reg/uvm_reg_model.svh'.
Parsing included file '/home/guyukun/Desktop/guyukun/software/vcs2018/vcs/O-2018.09-SP2/etc/uvm-1.1/reg/uvm_reg_sequence.svh'.
Back to file '/home/guyukun/Desktop/guyukun/software/vcs2018/vcs/O-2018.09-SP2/etc/uvm-1.1/reg/uvm_reg_model.svh'.
Parsing included file '/home/guyukun/Desktop/guyukun/software/vcs2018/vcs/O-2018.09-SP2/etc/uvm-1.1/reg/uvm_reg_cbs.svh'.
Back to file '/home/guyukun/Desktop/guyukun/software/vcs2018/vcs/O-2018.09-SP2/etc/uvm-1.1/reg/uvm_reg_model.svh'.
Parsing included file '/home/guyukun/Desktop/guyukun/software/vcs2018/vcs/O-2018.09-SP2/etc/uvm-1.1/reg/uvm_reg_backdoor.svh'.
Back to file '/home/guyukun/Desktop/guyukun/software/vcs2018/vcs/O-2018.09-SP2/etc/uvm-1.1/reg/uvm_reg_model.svh'.
Parsing included file '/home/guyukun/Desktop/guyukun/software/vcs2018/vcs/O-2018.09-SP2/etc/uvm-1.1/reg/uvm_reg_field.svh'.
Back to file '/home/guyukun/Desktop/guyukun/software/vcs2018/vcs/O-2018.09-SP2/etc/uvm-1.1/reg/uvm_reg_model.svh'.
Parsing included file '/home/guyukun/Desktop/guyukun/software/vcs2018/vcs/O-2018.09-SP2/etc/uvm-1.1/reg/uvm_vreg_field.svh'.
Back to file '/home/guyukun/Desktop/guyukun/software/vcs2018/vcs/O-2018.09-SP2/etc/uvm-1.1/reg/uvm_reg_model.svh'.
Parsing included file '/home/guyukun/Desktop/guyukun/software/vcs2018/vcs/O-2018.09-SP2/etc/uvm-1.1/reg/uvm_reg.svh'.
Back to file '/home/guyukun/Desktop/guyukun/software/vcs2018/vcs/O-2018.09-SP2/etc/uvm-1.1/reg/uvm_reg_model.svh'.
Parsing included file '/home/guyukun/Desktop/guyukun/software/vcs2018/vcs/O-2018.09-SP2/etc/uvm-1.1/reg/uvm_reg_indirect.svh'.
Back to file '/home/guyukun/Desktop/guyukun/software/vcs2018/vcs/O-2018.09-SP2/etc/uvm-1.1/reg/uvm_reg_model.svh'.
Parsing included file '/home/guyukun/Desktop/guyukun/software/vcs2018/vcs/O-2018.09-SP2/etc/uvm-1.1/reg/uvm_reg_fifo.svh'.
Back to file '/home/guyukun/Desktop/guyukun/software/vcs2018/vcs/O-2018.09-SP2/etc/uvm-1.1/reg/uvm_reg_model.svh'.
Parsing included file '/home/guyukun/Desktop/guyukun/software/vcs2018/vcs/O-2018.09-SP2/etc/uvm-1.1/reg/uvm_reg_file.svh'.
Back to file '/home/guyukun/Desktop/guyukun/software/vcs2018/vcs/O-2018.09-SP2/etc/uvm-1.1/reg/uvm_reg_model.svh'.
Parsing included file '/home/guyukun/Desktop/guyukun/software/vcs2018/vcs/O-2018.09-SP2/etc/uvm-1.1/reg/uvm_mem_mam.svh'.
Back to file '/home/guyukun/Desktop/guyukun/software/vcs2018/vcs/O-2018.09-SP2/etc/uvm-1.1/reg/uvm_reg_model.svh'.
Parsing included file '/home/guyukun/Desktop/guyukun/software/vcs2018/vcs/O-2018.09-SP2/etc/uvm-1.1/reg/uvm_vreg.svh'.
Back to file '/home/guyukun/Desktop/guyukun/software/vcs2018/vcs/O-2018.09-SP2/etc/uvm-1.1/reg/uvm_reg_model.svh'.
Parsing included file '/home/guyukun/Desktop/guyukun/software/vcs2018/vcs/O-2018.09-SP2/etc/uvm-1.1/reg/uvm_mem.svh'.
Back to file '/home/guyukun/Desktop/guyukun/software/vcs2018/vcs/O-2018.09-SP2/etc/uvm-1.1/reg/uvm_reg_model.svh'.
Parsing included file '/home/guyukun/Desktop/guyukun/software/vcs2018/vcs/O-2018.09-SP2/etc/uvm-1.1/reg/uvm_reg_map.svh'.
Back to file '/home/guyukun/Desktop/guyukun/software/vcs2018/vcs/O-2018.09-SP2/etc/uvm-1.1/reg/uvm_reg_model.svh'.
Parsing included file '/home/guyukun/Desktop/guyukun/software/vcs2018/vcs/O-2018.09-SP2/etc/uvm-1.1/reg/uvm_reg_block.svh'.
Back to file '/home/guyukun/Desktop/guyukun/software/vcs2018/vcs/O-2018.09-SP2/etc/uvm-1.1/reg/uvm_reg_model.svh'.
Parsing included file '/home/guyukun/Desktop/guyukun/software/vcs2018/vcs/O-2018.09-SP2/etc/uvm-1.1/reg/sequences/uvm_reg_hw_reset_seq.svh'.
Back to file '/home/guyukun/Desktop/guyukun/software/vcs2018/vcs/O-2018.09-SP2/etc/uvm-1.1/reg/uvm_reg_model.svh'.
Parsing included file '/home/guyukun/Desktop/guyukun/software/vcs2018/vcs/O-2018.09-SP2/etc/uvm-1.1/reg/sequences/uvm_reg_bit_bash_seq.svh'.
Back to file '/home/guyukun/Desktop/guyukun/software/vcs2018/vcs/O-2018.09-SP2/etc/uvm-1.1/reg/uvm_reg_model.svh'.
Parsing included file '/home/guyukun/Desktop/guyukun/software/vcs2018/vcs/O-2018.09-SP2/etc/uvm-1.1/reg/sequences/uvm_mem_walk_seq.svh'.
Back to file '/home/guyukun/Desktop/guyukun/software/vcs2018/vcs/O-2018.09-SP2/etc/uvm-1.1/reg/uvm_reg_model.svh'.
Parsing included file '/home/guyukun/Desktop/guyukun/software/vcs2018/vcs/O-2018.09-SP2/etc/uvm-1.1/reg/sequences/uvm_mem_access_seq.svh'.
Back to file '/home/guyukun/Desktop/guyukun/software/vcs2018/vcs/O-2018.09-SP2/etc/uvm-1.1/reg/uvm_reg_model.svh'.
Parsing included file '/home/guyukun/Desktop/guyukun/software/vcs2018/vcs/O-2018.09-SP2/etc/uvm-1.1/reg/sequences/uvm_reg_access_seq.svh'.
Back to file '/home/guyukun/Desktop/guyukun/software/vcs2018/vcs/O-2018.09-SP2/etc/uvm-1.1/reg/uvm_reg_model.svh'.
Parsing included file '/home/guyukun/Desktop/guyukun/software/vcs2018/vcs/O-2018.09-SP2/etc/uvm-1.1/reg/sequences/uvm_reg_mem_shared_access_seq.svh'.
Back to file '/home/guyukun/Desktop/guyukun/software/vcs2018/vcs/O-2018.09-SP2/etc/uvm-1.1/reg/uvm_reg_model.svh'.
Parsing included file '/home/guyukun/Desktop/guyukun/software/vcs2018/vcs/O-2018.09-SP2/etc/uvm-1.1/reg/sequences/uvm_reg_mem_built_in_seq.svh'.
Back to file '/home/guyukun/Desktop/guyukun/software/vcs2018/vcs/O-2018.09-SP2/etc/uvm-1.1/reg/uvm_reg_model.svh'.
Parsing included file '/home/guyukun/Desktop/guyukun/software/vcs2018/vcs/O-2018.09-SP2/etc/uvm-1.1/reg/sequences/uvm_reg_mem_hdl_paths_seq.svh'.
Back to file '/home/guyukun/Desktop/guyukun/software/vcs2018/vcs/O-2018.09-SP2/etc/uvm-1.1/reg/uvm_reg_model.svh'.
Parsing included file '/home/guyukun/Desktop/guyukun/software/vcs2018/vcs/O-2018.09-SP2/etc/uvm-1.1/reg/snps_uvm_reg_bank.svh'.
Back to file '/home/guyukun/Desktop/guyukun/software/vcs2018/vcs/O-2018.09-SP2/etc/uvm-1.1/reg/uvm_reg_model.svh'.
Back to file '/home/guyukun/Desktop/guyukun/software/vcs2018/vcs/O-2018.09-SP2/etc/uvm-1.1/uvm_pkg.sv'.
Parsing design file '/home/guyukun/Desktop/guyukun/software/vcs2018/vcs/O-2018.09-SP2/etc/uvm-1.1/vcs/uvm_custom_install_vcs_recorder.sv'
Parsing included file '/home/guyukun/Desktop/guyukun/software/vcs2018/vcs/O-2018.09-SP2/etc/uvm-1.1/vcs/msglog.svh'.
Back to file '/home/guyukun/Desktop/guyukun/software/vcs2018/vcs/O-2018.09-SP2/etc/uvm-1.1/vcs/uvm_custom_install_vcs_recorder.sv'.
Parsing included file '/home/guyukun/Desktop/guyukun/software/vcs2018/vcs/O-2018.09-SP2/etc/uvm-1.1/vcs/uvm_msglog_report_server.sv'.
Back to file '/home/guyukun/Desktop/guyukun/software/vcs2018/vcs/O-2018.09-SP2/etc/uvm-1.1/vcs/uvm_custom_install_vcs_recorder.sv'.
Parsing included file '/home/guyukun/Desktop/guyukun/software/vcs2018/vcs/O-2018.09-SP2/etc/uvm-1.1/vcs/uvm_vcs_recorder.svh'.
Back to file '/home/guyukun/Desktop/guyukun/software/vcs2018/vcs/O-2018.09-SP2/etc/uvm-1.1/vcs/uvm_custom_install_vcs_recorder.sv'.
Parsing included file '/home/guyukun/Desktop/guyukun/software/vcs2018/vcs/O-2018.09-SP2/etc/uvm-1.1/vcs/uvm_vcs_record_interface.sv'.
Back to file '/home/guyukun/Desktop/guyukun/software/vcs2018/vcs/O-2018.09-SP2/etc/uvm-1.1/vcs/uvm_custom_install_vcs_recorder.sv'.
Parsing design file '../rtl/cmsdk_ahb_to_apb.v'
Parsing design file '../dv/vip/ahbl_mst/ahbl_mst_pkg.sv'
Parsing included file '../dv/vip/ahbl_mst/ahbl_if.sv'.
Back to file '../dv/vip/ahbl_mst/ahbl_mst_pkg.sv'.
Parsing included file '/home/guyukun/Desktop/guyukun/software/vcs2018/vcs/O-2018.09-SP2/etc/uvm-1.1/uvm_macros.svh'.
Back to file '../dv/vip/ahbl_mst/ahbl_mst_pkg.sv'.
Parsing included file '../dv/vip/ahbl_mst/ahbl_tran.sv'.
Back to file '../dv/vip/ahbl_mst/ahbl_mst_pkg.sv'.
Parsing included file '../dv/vip/ahbl_mst/ahbl_mst_drv.sv'.
Back to file '../dv/vip/ahbl_mst/ahbl_mst_pkg.sv'.
Parsing included file '../dv/vip/ahbl_mst/ahbl_mst_mon.sv'.
Back to file '../dv/vip/ahbl_mst/ahbl_mst_pkg.sv'.
Parsing included file '../dv/vip/ahbl_mst/ahbl_mst_sqr.sv'.
Back to file '../dv/vip/ahbl_mst/ahbl_mst_pkg.sv'.
Parsing included file '../dv/vip/ahbl_mst/ahbl_mst_agt.sv'.
Back to file '../dv/vip/ahbl_mst/ahbl_mst_pkg.sv'.
Parsing design file '../dv/vip/apb_slv/apb_slv_pkg.sv'
Parsing included file '../dv/vip/apb_slv/apb_if.sv'.
Back to file '../dv/vip/apb_slv/apb_slv_pkg.sv'.
Parsing included file '/home/guyukun/Desktop/guyukun/software/vcs2018/vcs/O-2018.09-SP2/etc/uvm-1.1/uvm_macros.svh'.
Back to file '../dv/vip/apb_slv/apb_slv_pkg.sv'.
Parsing included file '../dv/vip/apb_slv/apb_tran.sv'.
Back to file '../dv/vip/apb_slv/apb_slv_pkg.sv'.
Parsing included file '../dv/vip/apb_slv/apb_mem.sv'.
Back to file '../dv/vip/apb_slv/apb_slv_pkg.sv'.
Parsing included file '../dv/vip/apb_slv/apb_slv_drv.sv'.
Back to file '../dv/vip/apb_slv/apb_slv_pkg.sv'.
Parsing included file '../dv/vip/apb_slv/apb_slv_mon.sv'.
Back to file '../dv/vip/apb_slv/apb_slv_pkg.sv'.
Parsing included file '../dv/vip/apb_slv/apb_slv_sqr.sv'.
Back to file '../dv/vip/apb_slv/apb_slv_pkg.sv'.
Parsing included file '../dv/vip/apb_slv/apb_slv_agt.sv'.
Back to file '../dv/vip/apb_slv/apb_slv_pkg.sv'.
Parsing design file '../dv/env/ahb2apb_pkg.sv'
Parsing included file '/home/guyukun/Desktop/guyukun/software/vcs2018/vcs/O-2018.09-SP2/etc/uvm-1.1/uvm_macros.svh'.
Back to file '../dv/env/ahb2apb_pkg.sv'.
Parsing included file '../dv/env/func_cov.sv'.
Back to file '../dv/env/ahb2apb_pkg.sv'.
Parsing included file '../dv/env/ahb2apb_scb.sv'.
Back to file '../dv/env/ahb2apb_pkg.sv'.
Parsing included file '../dv/env/ahb2apb_env.sv'.
Back to file '../dv/env/ahb2apb_pkg.sv'.
Parsing design file '../dv/tb/reset_if.sv'
Parsing design file '../dv/tb/ahb2apb_tb.sv'
Parsing included file '/home/guyukun/Desktop/guyukun/software/vcs2018/vcs/O-2018.09-SP2/etc/uvm-1.1/uvm_macros.svh'.
Back to file '../dv/tb/ahb2apb_tb.sv'.
Parsing design file '../dv/env/ahb2apb_base_test.sv'
Parsing design file '../dv/seqlib/ahbl_mst_seqlib.sv'
Parsing design file '../dv/seqlib/apb_slv_seqlib.sv'
Parsing design file '../dv/tc/test_lib.sv'
Parsing included file '../dv/tc/./ahbl_mst_single_read32.sv'.
Back to file '../dv/tc/test_lib.sv'.
Parsing included file '../dv/tc/./ahbl_mst_single_write32_apb_slv_nrdy.sv'.
Back to file '../dv/tc/test_lib.sv'.
Parsing included file '../dv/tc/./ahbl_mst_burst.sv'.
Back to file '../dv/tc/test_lib.sv'.
Parsing included file '../dv/tc/./ahbl_mst_burst_apb_slv_slverr.sv'.
Back to file '../dv/tc/test_lib.sv'.
Parsing included file '../dv/tc/./ahbl_mst_tight_transfer.sv'.
Back to file '../dv/tc/test_lib.sv'.
Top Level Modules:
       uvm_custom_install_recording
       ahb2apb_tb
TimeScale is 1 ns / 1 ns
VCS Coverage Metrics Release O-2018.09-SP2_Full64 Copyright (c) 1991-2018 by Synopsys Inc.
Starting vcs inline pass...
12 modules and 0 UDP read.
recompiling package vcs_paramclassrepository
recompiling package uvm_pkg
recompiling package _vcs_msglog
recompiling module uvm_custom_install_recording
recompiling module cmsdk_ahb_to_apb
recompiling module ahbl_if
recompiling package ahbl_mst_pkg
recompiling module apb_if
recompiling package apb_slv_pkg
recompiling package ahb2apb_pkg
recompiling module reset_if
recompiling module ahb2apb_tb
All of 12 modules done
make[1]: Entering directory '/home/guyukun/Desktop/guyukun/ahp-apb/ahb2apb_cky/sim/csrc' \

rm -f _csrc*.so pre_vcsobj_*.so share_vcsobj_*.so
if [ -x ../../sim/SIMV/ahbl_mst_single_read32_945854581sim ]; then chmod -x ../../sim/SIMV/ahbl_mst_single_read32_945854581sim; \
fi
g++  -o ../../sim/SIMV/ahbl_mst_single_read32_945854581sim -no-pie  -Wl,--no-as-needed \
-Wl,-rpath-link=./ -Wl,-rpath='$ORIGIN'/ahbl_mst_single_read32_945854581sim.daidir/ \
-Wl,-rpath=./ahbl_mst_single_read32_945854581sim.daidir/ -Wl,-rpath='$ORIGIN'/ahbl_mst_single_read32_945854581sim.daidir//scsim.db.dir \
-L/usr/lib/x86_64-linux-gnu -L/lib/x86_64-linux-gnu -Wl,--no-as-needed -rdynamic \
-Wl,-rpath=/home/guyukun/Desktop/guyukun/software/vcs2018/vcs/O-2018.09-SP2/linux64/lib \
-L/home/guyukun/Desktop/guyukun/software/vcs2018/vcs/O-2018.09-SP2/linux64/lib  uvm_dpi.o \
objs/amcQw_d.o  _66962_archive_1.so  SIM_l.o      rmapats_mop.o rmapats.o rmar.o \
rmar_nd.o  rmar_llvm_0_1.o rmar_llvm_0_0.o          -lzerosoft_rt_stubs -lvirsim \
-lerrorinf -lsnpsmalloc -lvfs -lpthread    -lvcsnew -lsimprofile -lreader_common \
/home/guyukun/Desktop/guyukun/software/vcs2018/vcs/O-2018.09-SP2/linux64/lib/libBA.a \
-luclinative /home/guyukun/Desktop/guyukun/software/vcs2018/vcs/O-2018.09-SP2/linux64/lib/vcs_tls.o \
-Wl,-whole-archive -lvcsucli -Wl,-no-whole-archive      ./../SIMV/ahbl_mst_single_read32_945854581sim.daidir/vc_hdrs.o \
/home/guyukun/Desktop/guyukun/software/vcs2018/vcs/O-2018.09-SP2/linux64/lib/vcs_save_restore_new.o \
-ldl  -lc -lm -lpthread -ldl 
/usr/bin/ld: warning: rmar_nd.o: missing .note.GNU-stack section implies executable \
stack
/usr/bin/ld: NOTE: This behaviour is deprecated and will be removed in a future version \
of the linker
../../sim/SIMV/ahbl_mst_single_read32_945854581sim up to date
make[1]: Leaving directory '/home/guyukun/Desktop/guyukun/ahp-apb/ahb2apb_cky/sim/csrc' \

Command: /home/guyukun/Desktop/guyukun/ahp-apb/ahb2apb_cky/sim/../sim/SIMV/ahbl_mst_single_read32_945854581sim +vcdpluson -cm_runsilent -cm assert +define +nospecify +notimingcheck +vip +vcs+lic+wait +memcbk +ntb_solver_array_size_warn=100000 +934734915 -cm line+cond+fsm+tgl+branch +DUMP_VPD +VPD_FILENAME=../sim/VPD/ahbl_mst_single_read32_938668173.vpd +UVM_TESTNAME=ahbl_mst_single_read32 -a ../sim/LOG/ahbl_mst_single_read32_942732769.log
Chronologic VCS simulator copyright 1991-2018
Contains Synopsys proprietary information.
Compiler version O-2018.09-SP2_Full64; Runtime version O-2018.09-SP2_Full64;  Feb 19 14:41 2025
----------------------------------------------------------------
UVM-1.1d.Synopsys
(C) 2007-2013 Mentor Graphics Corporation
(C) 2007-2013 Cadence Design Systems, Inc.
(C) 2006-2013 Synopsys, Inc.
(C) 2011-2013 Cypress Semiconductor Corp.
----------------------------------------------------------------

  ***********       IMPORTANT RELEASE NOTES         ************

  You are using a version of the UVM library that has been compiled
  with `UVM_NO_DEPRECATED undefined.
  See http://www.eda.org/svdb/view.php?id=3313 for more details.

  You are using a version of the UVM library that has been compiled
  with `UVM_OBJECT_MUST_HAVE_CONSTRUCTOR undefined.
  See http://www.eda.org/svdb/view.php?id=3770 for more details.

      (Specify +UVM_NO_RELNOTES to turn off this notice)


Note-[FCICIO] Instance coverage is ON
/home/guyukun/Desktop/guyukun/ahp-apb/ahb2apb_cky/sim/../dv/tb/ahb2apb_tb.sv, 134
ahb2apb_tb, "ahb2apb_tb::cg_clk_ratio"
  Instance coverage is set (option.per_instance = 1) for covergroup 
  'ahb2apb_tb::cg_clk_ratio'
  
  Covergroup Instance: cg_clk_ratio_i 
  Design hierarchy: ahb2apb_tb

UVM_INFO @ 0: reporter [RNTST] Running test ahbl_mst_single_read32...
VCD+ Writer O-2018.09-SP2_Full64 Copyright (c) 1991-2018 by Synopsys Inc.

Note-[FCICIO] Instance coverage is ON
/home/guyukun/Desktop/guyukun/ahp-apb/ahb2apb_cky/sim/../dv/env/func_cov.sv, 3
ahb2apb_pkg, "ahb2apb_pkg::func_cov::cg"
  Instance coverage is set (option.per_instance = 1) for covergroup 
  'ahb2apb_pkg::func_cov::cg'
  
  Covergroup Instance: ahb2apb_tb..obj.fcov.cg 
  Design hierarchy: ahb2apb_pkg

UVM_INFO @ 0: reporter [UVMTOP] UVM testbench topology:
------------------------------------------------------------------
Name                       Type                        Size  Value
------------------------------------------------------------------
uvm_test_top               ahbl_mst_single_read32      -     @468 
  env_i                    ahb2apb_env                 -     @476 
    ahb2apb_scb_i          ahb2apb_scb                 -     @513 
      ahb_fifo             uvm_tlm_analysis_fifo #(T)  -     @583 
        analysis_export    uvm_analysis_imp            -     @627 
        get_ap             uvm_analysis_port           -     @618 
        get_peek_export    uvm_get_peek_imp            -     @600 
        put_ap             uvm_analysis_port           -     @609 
        put_export         uvm_put_imp                 -     @591 
      ahb_port             uvm_blocking_get_port       -     @636 
      apb_fifo             uvm_tlm_analysis_fifo #(T)  -     @521 
        analysis_export    uvm_analysis_imp            -     @565 
        get_ap             uvm_analysis_port           -     @556 
        get_peek_export    uvm_get_peek_imp            -     @538 
        put_ap             uvm_analysis_port           -     @547 
        put_export         uvm_put_imp                 -     @529 
      apb_port             uvm_blocking_get_port       -     @574 
    ahbl_mst_agt_i         ahbl_mst_agt                -     @505 
      drv_i                ahbl_mst_drv                -     @791 
        rsp_port           uvm_analysis_port           -     @808 
        seq_item_port      uvm_seq_item_pull_port      -     @799 
      mon_i                ahbl_mst_mon                -     @648 
        ap                 uvm_analysis_port           -     @656 
      sqr_i                ahbl_mst_sqr                -     @668 
        rsp_export         uvm_analysis_export         -     @676 
        seq_item_export    uvm_seq_item_pull_imp       -     @782 
        arbitration_queue  array                       0     -    
        lock_queue         array                       0     -    
        num_last_reqs      integral                    32    'd1  
        num_last_rsps      integral                    32    'd1  
    apb_slv_agt_i          apb_slv_agt                 -     @497 
      drv_i                apb_slv_drv                 -     @964 
        rsp_port           uvm_analysis_port           -     @981 
        seq_item_port      uvm_seq_item_pull_port      -     @972 
      mon_i                apb_slv_mon                 -     @830 
        ap                 uvm_analysis_port           -     @998 
      sqr_i                apb_slv_sqr                 -     @841 
        rsp_export         uvm_analysis_export         -     @849 
        seq_item_export    uvm_seq_item_pull_imp       -     @955 
        arbitration_queue  array                       0     -    
        lock_queue         array                       0     -    
        num_last_reqs      integral                    32    'd1  
        num_last_rsps      integral                    32    'd1  
------------------------------------------------------------------

------------------------------------------------------------------------------------------------------------
Name                           Type             Size  Value                                                 
------------------------------------------------------------------------------------------------------------
req                            ahbl_tran        -     @1065                                                 
  hsel                         integral         1     'h1                                                   
  haddr                        integral         32    'h25699de0                                            
  htrans                       htrans_t         2     NSEQ                                                  
  hsize                        hsize_t          3     WORD                                                  
  hburst                       hburst_t         3     SINGLE                                                
  hprot                        integral         4     'h5                                                   
  hwrite                       integral         1     'h0                                                   
  hrwdata                      integral         32    'hf2f817e7                                            
  hresp                        integral         1     'h1                                                   
  hreadyout                    integral         1     'h0                                                   
  bst_beats                    integral         32    'h1                                                   
  haddr_q                      da(integral)     1     -                                                     
    [0]                        integral         6     'h20                                                  
  hrwdata_q                    da(integral)     1     -                                                     
    [0]                        integral         32    'hf2f817e7                                            
  htrans_q                     array(htrans_t)  1     -                                                     
    [0]                        htrans_t         2     NSEQ                                                  
  haddr_idx                    integral         32    'h1                                                   
  hrwdata_idx                  integral         32    'h0                                                   
  htrans_idx                   integral         32    'h1                                                   
  begin_time                   time             64    110050                                                
  depth                        int              32    'd2                                                   
  parent sequence (name)       string           14    ahbl_mst_seq_i                                        
  parent sequence (full name)  string           54    uvm_test_top.env_i.ahbl_mst_agt_i.sqr_i.ahbl_mst_seq_i
  sequencer                    string           39    uvm_test_top.env_i.ahbl_mst_agt_i.sqr_i               
------------------------------------------------------------------------------------------------------------
UVM_INFO ../dv/vip/apb_slv/apb_mem.sv(22) @ 110750: reporter [apb_mem] APB-Memory un-defined Read.Address:20. Data:49bdd320.
UVM_INFO ../dv/env/ahb2apb_scb.sv(100) @ 111250: uvm_test_top.env_i.ahb2apb_scb_i [ahb2apb_scb] Pkt comparing correct!
UVM_INFO /home/guyukun/Desktop/guyukun/software/vcs2018/vcs/O-2018.09-SP2/etc/uvm-1.1/base/uvm_objection.svh(1273) @ 115750: reporter [TEST_DONE] 'run' phase is ready to proceed to the 'extract' phase
UVM_INFO ../dv/env/ahb2apb_base_test.sv(38) @ 115750: uvm_test_top [ahbl_mst_single_read32] Simulation PASSED!

--- UVM Report Summary ---

** Report counts by severity
UVM_INFO :    6
UVM_WARNING :    0
UVM_ERROR :    0
UVM_FATAL :    0
** Report counts by id
[RNTST]     1
[TEST_DONE]     1
[UVMTOP]     1
[ahb2apb_scb]     1
[ahbl_mst_single_read32]     1
[apb_mem]     1
$finish called from file "/home/guyukun/Desktop/guyukun/software/vcs2018/vcs/O-2018.09-SP2/etc/uvm-1.1/base/uvm_root.svh", line 439.
$finish at simulation time               115750

---------------------------------------------------------------------------
VCS Coverage Metrics: during simulation line, cond, FSM, branch, tgl was monitored
---------------------------------------------------------------------------
           V C S   S i m u l a t i o n   R e p o r t 
Time: 115750 ns
CPU Time:      1.170 seconds;       Data structure size:   0.5Mb
Wed Feb 19 14:41:48 2025
CPU time: 18.510 seconds to compile + .829 seconds to elab + .899 seconds to link + 1.263 seconds in simulation
